2025-07-11T01:25:55.855Z [ERROR]: Mobile Legends automation failed {"error":"Waiting for selector `.line-clamp-2.text-sm\\/none.font-bold` failed: Protocol error (Runtime.callFunctionOn): Target closed","requestId":"req_1752197144390_olz5dm0f5","playerId":"test123"}
2025-07-11T01:25:57.183Z [ERROR]: Automation failed {"error":"Waiting for selector `.line-clamp-2.text-sm\\/none.font-bold` failed: Protocol error (Runtime.callFunctionOn): Target closed","requestId":"req_1752197144390_olz5dm0f5"}
2025-07-11T01:27:08.360Z [ERROR]: Failed to initialize database 
2025-07-11T01:30:37.307Z [ERROR]: Mobile Legends automation failed {"error":"Waiting for selector `.line-clamp-2.text-sm\\/none.font-bold` failed: Protocol error (Runtime.callFunctionOn): Target closed","requestId":"req_1752197424940_68rhmdpav","playerId":"test456"}
2025-07-11T01:30:37.998Z [ERROR]: Automation failed {"error":"Waiting for selector `.line-clamp-2.text-sm\\/none.font-bold` failed: Protocol error (Runtime.callFunctionOn): Target closed","requestId":"req_1752197424940_68rhmdpav"}
2025-07-11T01:38:29.014Z [ERROR]: Mobile Legends automation failed {"error":"Waiting for selector `.line-clamp-2.text-sm\\/none.font-bold` failed: Waiting failed: 10000ms exceeded","requestId":"req_1752197894136_6pw9ykoi0","playerId":"test123"}
2025-07-11T01:38:29.842Z [ERROR]: Automation failed {"error":"Waiting for selector `.line-clamp-2.text-sm\\/none.font-bold` failed: Waiting failed: 10000ms exceeded","requestId":"req_1752197894136_6pw9ykoi0"}
2025-07-11T01:52:51.158Z [ERROR]: Mobile Legends automation failed {"error":"Waiting for selector `.line-clamp-2.text-sm\\/none.font-bold` failed: Protocol error (Runtime.callFunctionOn): Target closed","requestId":"req_1752198763637_98r20cs9d","playerId":"test123"}
2025-07-11T01:52:52.034Z [ERROR]: Automation failed {"error":"Waiting for selector `.line-clamp-2.text-sm\\/none.font-bold` failed: Protocol error (Runtime.callFunctionOn): Target closed","requestId":"req_1752198763637_98r20cs9d"}
2025-07-11T03:53:57.671Z [ERROR]: Uncaught Exception {"error":"listen EADDRINUSE: address already in use :::3000","stack":"Error: listen EADDRINUSE: address already in use :::3000\n    at Server.setupListenHandle [as _listen2] (node:net:1939:16)\n    at listenInCluster (node:net:1996:12)\n    at Server.listen (node:net:2101:7)\n    at Object.<anonymous> (C:\\Users\\HP\\Local Sites\\botplugin\\app\\public\\wp-content\\plugins\\top-up-agent\\server\\src\\app.js:199:8)\n    at Module._compile (node:internal/modules/cjs/loader:1730:14)\n    at Object..js (node:internal/modules/cjs/loader:1895:10)\n    at Module.load (node:internal/modules/cjs/loader:1465:32)\n    at Function._load (node:internal/modules/cjs/loader:1282:12)\n    at TracingChannel.traceSync (node:diagnostics_channel:322:14)\n    at wrapModuleLoad (node:internal/modules/cjs/loader:235:24)"}
2025-07-11T14:03:35.005Z [ERROR]: Uncaught Exception {"error":"listen EADDRINUSE: address already in use :::3000","stack":"Error: listen EADDRINUSE: address already in use :::3000\n    at Server.setupListenHandle [as _listen2] (node:net:1939:16)\n    at listenInCluster (node:net:1996:12)\n    at Server.listen (node:net:2101:7)\n    at Object.<anonymous> (C:\\Users\\HP\\Local Sites\\botplugin\\app\\public\\wp-content\\plugins\\top-up-agent\\server\\src\\app.js:199:8)\n    at Module._compile (node:internal/modules/cjs/loader:1730:14)\n    at Object..js (node:internal/modules/cjs/loader:1895:10)\n    at Module.load (node:internal/modules/cjs/loader:1465:32)\n    at Function._load (node:internal/modules/cjs/loader:1282:12)\n    at TracingChannel.traceSync (node:diagnostics_channel:322:14)\n    at wrapModuleLoad (node:internal/modules/cjs/loader:235:24)"}
2025-07-11T14:07:25.317Z [ERROR]: Mobile Legends automation failed {"error":"page.waitForTimeout is not a function","requestId":"req_1752242840920_kmdmpsdpg","playerId":"test"}
2025-07-11T14:07:26.057Z [ERROR]: Automation failed {"error":"page.waitForTimeout is not a function","requestId":"req_1752242840920_kmdmpsdpg","stack":"TypeError: page.waitForTimeout is not a function\n    at AutomationService.runTopUpAutomation (C:\\Users\\HP\\Local Sites\\botplugin\\app\\public\\wp-content\\plugins\\top-up-agent\\server\\src\\services\\AutomationService.js:236:18)"}
2025-07-11T14:35:58.178Z [ERROR]: Mobile Legends automation failed {"error":"page.waitForTimeout is not a function","requestId":"test_request","playerId":"test123"}
2025-07-11T14:35:58.896Z [ERROR]: Automation failed {"error":"page.waitForTimeout is not a function","requestId":"test_request","stack":"TypeError: page.waitForTimeout is not a function\n    at AutomationService.runTopUpAutomation (C:\\Users\\HP\\Local Sites\\botplugin\\app\\public\\wp-content\\plugins\\top-up-agent\\server\\src\\services\\AutomationService.js:236:18)"}
2025-07-11T14:39:32.192Z [ERROR]: Automation failed {"error":"Job already running with this request ID","requestId":"test_request","stack":"Error: Job already running with this request ID\n    at AutomationService.runTopUpAutomation (C:\\Users\\HP\\Local Sites\\botplugin\\app\\public\\wp-content\\plugins\\top-up-agent\\server\\src\\services\\AutomationService.js:131:13)\n    at C:\\Users\\HP\\Local Sites\\botplugin\\app\\public\\wp-content\\plugins\\top-up-agent\\server\\src\\routes\\automation.js:29:23\n    at Layer.handle [as handle_request] (C:\\Users\\HP\\Local Sites\\botplugin\\app\\public\\wp-content\\plugins\\top-up-agent\\server\\node_modules\\express\\lib\\router\\layer.js:95:5)\n    at next (C:\\Users\\HP\\Local Sites\\botplugin\\app\\public\\wp-content\\plugins\\top-up-agent\\server\\node_modules\\express\\lib\\router\\route.js:149:13)\n    at Route.dispatch (C:\\Users\\HP\\Local Sites\\botplugin\\app\\public\\wp-content\\plugins\\top-up-agent\\server\\node_modules\\express\\lib\\router\\route.js:119:3)\n    at Layer.handle [as handle_request] (C:\\Users\\HP\\Local Sites\\botplugin\\app\\public\\wp-content\\plugins\\top-up-agent\\server\\node_modules\\express\\lib\\router\\layer.js:95:5)\n    at C:\\Users\\HP\\Local Sites\\botplugin\\app\\public\\wp-content\\plugins\\top-up-agent\\server\\node_modules\\express\\lib\\router\\index.js:284:15\n    at Function.process_params (C:\\Users\\HP\\Local Sites\\botplugin\\app\\public\\wp-content\\plugins\\top-up-agent\\server\\node_modules\\express\\lib\\router\\index.js:346:12)\n    at next (C:\\Users\\HP\\Local Sites\\botplugin\\app\\public\\wp-content\\plugins\\top-up-agent\\server\\node_modules\\express\\lib\\router\\index.js:280:10)\n    at Function.handle (C:\\Users\\HP\\Local Sites\\botplugin\\app\\public\\wp-content\\plugins\\top-up-agent\\server\\node_modules\\express\\lib\\router\\index.js:175:3)"}
2025-07-11T14:43:13.158Z [ERROR]: Mobile Legends automation failed {"error":"page.waitForTimeout is not a function","requestId":"test_1752244989743","playerId":"test123"}
2025-07-11T14:43:13.957Z [ERROR]: Automation failed {"error":"page.waitForTimeout is not a function","requestId":"test_1752244989743","stack":"TypeError: page.waitForTimeout is not a function\n    at AutomationService.runTopUpAutomation (C:\\Users\\HP\\Local Sites\\botplugin\\app\\public\\wp-content\\plugins\\top-up-agent\\server\\src\\services\\AutomationService.js:236:18)"}
2025-07-11T14:49:58.497Z [ERROR]: Mobile Legends automation failed {"error":"page.waitForTimeout is not a function","requestId":"wp_1752245394_0ORS1JLz","playerId":"test123"}
2025-07-11T14:49:59.305Z [ERROR]: Automation failed {"error":"page.waitForTimeout is not a function","requestId":"wp_1752245394_0ORS1JLz","stack":"TypeError: page.waitForTimeout is not a function\n    at AutomationService.runTopUpAutomation (C:\\Users\\HP\\Local Sites\\botplugin\\app\\public\\wp-content\\plugins\\top-up-agent\\server\\src\\services\\AutomationService.js:236:18)"}
2025-07-11T14:50:11.110Z [ERROR]: Mobile Legends automation failed {"error":"page.waitForTimeout is not a function","requestId":"wp_1752245404_wrqzraBi","playerId":"8577081198"}
2025-07-11T14:50:11.889Z [ERROR]: Automation failed {"error":"page.waitForTimeout is not a function","requestId":"wp_1752245404_wrqzraBi","stack":"TypeError: page.waitForTimeout is not a function\n    at AutomationService.runTopUpAutomation (C:\\Users\\HP\\Local Sites\\botplugin\\app\\public\\wp-content\\plugins\\top-up-agent\\server\\src\\services\\AutomationService.js:236:18)"}
2025-07-11T16:12:52.482Z [ERROR]: Mobile Legends automation failed {"error":"page.waitForTimeout is not a function","requestId":"wp_1752250368_E8ksjaXW","playerId":"8577081198"}
2025-07-11T16:12:53.235Z [ERROR]: Automation failed {"error":"page.waitForTimeout is not a function","requestId":"wp_1752250368_E8ksjaXW","stack":"TypeError: page.waitForTimeout is not a function\n    at AutomationService.runTopUpAutomation (C:\\Users\\HP\\Local Sites\\botplugin\\app\\public\\wp-content\\plugins\\top-up-agent\\server\\src\\services\\AutomationService.js:236:18)"}
2025-07-11T16:34:47.496Z [ERROR]: Uncaught Exception {"error":"listen EADDRINUSE: address already in use :::3000","stack":"Error: listen EADDRINUSE: address already in use :::3000\n    at Server.setupListenHandle [as _listen2] (node:net:1939:16)\n    at listenInCluster (node:net:1996:12)\n    at Server.listen (node:net:2101:7)\n    at Object.<anonymous> (C:\\Users\\HP\\Local Sites\\botplugin\\app\\public\\wp-content\\plugins\\top-up-agent\\server\\src\\app.js:199:8)\n    at Module._compile (node:internal/modules/cjs/loader:1730:14)\n    at Object..js (node:internal/modules/cjs/loader:1895:10)\n    at Module.load (node:internal/modules/cjs/loader:1465:32)\n    at Function._load (node:internal/modules/cjs/loader:1282:12)\n    at TracingChannel.traceSync (node:diagnostics_channel:322:14)\n    at wrapModuleLoad (node:internal/modules/cjs/loader:235:24)"}
2025-07-11T16:37:30.340Z [ERROR]: Failed to initialize database 
2025-07-11T16:42:13.205Z [ERROR]: Mobile Legends automation failed {"error":"page.waitForTimeout is not a function","requestId":"wp_1752252127_jLsbAdJ8","playerId":"8577081198"}
2025-07-11T16:42:14.500Z [ERROR]: Automation failed {"error":"page.waitForTimeout is not a function","requestId":"wp_1752252127_jLsbAdJ8","stack":"TypeError: page.waitForTimeout is not a function\n    at AutomationService.runTopUpAutomation (C:\\Users\\HP\\Local Sites\\botplugin\\app\\public\\wp-content\\plugins\\top-up-agent\\server\\src\\services\\AutomationService.js:236:18)"}
2025-07-11T16:44:03.605Z [ERROR]: Mobile Legends automation failed {"error":"page.waitForTimeout is not a function","requestId":"wp_1752252239_pnbA6cuA","playerId":"8577081198"}
2025-07-11T16:44:04.790Z [ERROR]: Automation failed {"error":"page.waitForTimeout is not a function","requestId":"wp_1752252239_pnbA6cuA","stack":"TypeError: page.waitForTimeout is not a function\n    at AutomationService.runTopUpAutomation (C:\\Users\\HP\\Local Sites\\botplugin\\app\\public\\wp-content\\plugins\\top-up-agent\\server\\src\\services\\AutomationService.js:236:18)"}
2025-07-11T17:12:38.268Z [ERROR]: Mobile Legends automation failed {"error":"page.waitForTimeout is not a function","requestId":"wp_1752253953_OvZnlIjf","playerId":"8577081198"}
2025-07-11T17:12:39.126Z [ERROR]: Automation failed {"error":"page.waitForTimeout is not a function","requestId":"wp_1752253953_OvZnlIjf","stack":"TypeError: page.waitForTimeout is not a function\n    at AutomationService.runTopUpAutomation (C:\\Users\\HP\\Local Sites\\botplugin\\app\\public\\wp-content\\plugins\\top-up-agent\\server\\src\\services\\AutomationService.js:236:18)"}
2025-07-11T17:19:06.407Z [ERROR]: Failed to initialize database 
2025-07-11T17:38:00.440Z [ERROR]: Transaction error: Consumed Voucher 
2025-07-11T17:38:00.452Z [ERROR]: Mobile Legends automation failed {"error":"Transaction failed: Consumed Voucher","requestId":"wp_1752255461_9xixATqa","playerId":"8577081198"}
2025-07-11T17:38:01.308Z [ERROR]: Automation failed {"error":"Transaction failed: Consumed Voucher","requestId":"wp_1752255461_9xixATqa","stack":"Error: Transaction failed: Consumed Voucher\n    at AutomationService.runTopUpAutomation (C:\\Users\\HP\\Local Sites\\botplugin\\app\\public\\wp-content\\plugins\\top-up-agent\\server\\src\\services\\AutomationService.js:485:17)"}
2025-07-13T12:57:47.303Z [ERROR]: Failed to initialize database 
2025-07-13T13:02:20.401Z [ERROR]: Mobile Legends automation failed {"error":"Player username selector not found - page may not have loaded correctly","requestId":"TEST_REQ_1752411704003","playerId":"TEST_1752411704003"}
2025-07-13T13:02:21.004Z [ERROR]: Automation failed {"error":"Player username selector not found - page may not have loaded correctly","requestId":"TEST_REQ_1752411704003","stack":"Error: Player username selector not found - page may not have loaded correctly\n    at AutomationService.runTopUpAutomation (C:\\Users\\HP\\Local Sites\\botplugin\\app\\public\\wp-content\\plugins\\top-up-agent\\server\\src\\services\\AutomationService.js:293:17)"}
2025-07-13T13:03:43.838Z [ERROR]: Mobile Legends automation failed {"error":"Player username selector not found - page may not have loaded correctly","requestId":"WORKFLOW_REQ_1752411787409","playerId":"WORKFLOW_TEST_1752411787409"}
2025-07-13T13:03:44.200Z [ERROR]: Mobile Legends automation failed {"error":"Player username selector not found - page may not have loaded correctly","requestId":"DASH_REQ_1752411787406","playerId":"DASHBOARD_TEST_1752411787406"}
2025-07-13T13:03:44.487Z [ERROR]: Automation failed {"error":"Player username selector not found - page may not have loaded correctly","requestId":"WORKFLOW_REQ_1752411787409","stack":"Error: Player username selector not found - page may not have loaded correctly\n    at AutomationService.runTopUpAutomation (C:\\Users\\HP\\Local Sites\\botplugin\\app\\public\\wp-content\\plugins\\top-up-agent\\server\\src\\services\\AutomationService.js:293:17)"}
2025-07-13T13:03:44.666Z [ERROR]: Automation failed {"error":"Player username selector not found - page may not have loaded correctly","requestId":"DASH_REQ_1752411787406","stack":"Error: Player username selector not found - page may not have loaded correctly\n    at AutomationService.runTopUpAutomation (C:\\Users\\HP\\Local Sites\\botplugin\\app\\public\\wp-content\\plugins\\top-up-agent\\server\\src\\services\\AutomationService.js:293:17)"}
2025-07-15T10:06:26.795Z [ERROR]: Failed to initialize database 
2025-07-15T10:15:29.619Z [ERROR]: Transaction error: Consumed Voucher 
2025-07-15T10:15:29.636Z [ERROR]: Mobile Legends automation failed {"error":"Transaction failed: Consumed Voucher","requestId":"wp_1752574507_krCxBfQ9","playerId":"8577081198"}
2025-07-15T10:15:30.769Z [ERROR]: Automation failed {"error":"Transaction failed: Consumed Voucher","requestId":"wp_1752574507_krCxBfQ9","stack":"Error: Transaction failed: Consumed Voucher\n    at AutomationService.runTopUpAutomation (C:\\Users\\HP\\Local Sites\\botplugin\\app\\public\\wp-content\\plugins\\top-up-agent\\server\\src\\services\\AutomationService.js:485:17)"}
2025-07-15T10:23:49.872Z [ERROR]: Transaction error: Consumed Voucher 
2025-07-15T10:23:49.879Z [ERROR]: Mobile Legends automation failed {"error":"Transaction failed: Consumed Voucher","requestId":"wp_1752575011_75eVf5fK","playerId":"8577081198"}
2025-07-15T10:23:50.539Z [ERROR]: Automation failed {"error":"Transaction failed: Consumed Voucher","requestId":"wp_1752575011_75eVf5fK","stack":"Error: Transaction failed: Consumed Voucher\n    at AutomationService.runTopUpAutomation (C:\\Users\\HP\\Local Sites\\botplugin\\app\\public\\wp-content\\plugins\\top-up-agent\\server\\src\\services\\AutomationService.js:485:17)"}
2025-07-15T10:31:18.281Z [ERROR]: Failed to initialize database 
2025-07-15T10:33:31.492Z [ERROR]: Transaction error: Consumed Voucher 
2025-07-15T10:33:31.502Z [ERROR]: Mobile Legends automation failed {"error":"Transaction failed: Consumed Voucher","requestId":"wp_1752575592_I9HkGpc2","playerId":"8577081198"}
2025-07-15T10:33:32.258Z [ERROR]: Automation failed {"error":"Transaction failed: Consumed Voucher","requestId":"wp_1752575592_I9HkGpc2","stack":"Error: Transaction failed: Consumed Voucher\n    at AutomationService.runTopUpAutomation (C:\\Users\\HP\\Local Sites\\botplugin\\app\\public\\wp-content\\plugins\\top-up-agent\\server\\src\\services\\AutomationService.js:485:17)"}
2025-07-15T10:39:13.184Z [ERROR]: Transaction error: Consumed Voucher 
2025-07-15T10:39:13.192Z [ERROR]: Mobile Legends automation failed {"error":"Transaction failed: Consumed Voucher","requestId":"wp_1752575934_YDFsrnfP","playerId":"8577081198"}
2025-07-15T10:39:13.937Z [ERROR]: Automation failed {"error":"Transaction failed: Consumed Voucher","requestId":"wp_1752575934_YDFsrnfP","stack":"Error: Transaction failed: Consumed Voucher\n    at AutomationService.runTopUpAutomation (C:\\Users\\HP\\Local Sites\\botplugin\\app\\public\\wp-content\\plugins\\top-up-agent\\server\\src\\services\\AutomationService.js:485:17)"}
2025-07-15T10:58:37.960Z [ERROR]: Failed to initialize database 
2025-07-15T11:01:12.332Z [ERROR]: Transaction error: Consumed Voucher 
2025-07-15T11:01:12.340Z [ERROR]: Mobile Legends automation failed {"error":"Transaction failed: Consumed Voucher","requestId":"wp_1752577246_lg5RJ7cZ","playerId":"8577081198"}
2025-07-15T11:01:13.073Z [ERROR]: Automation failed {"error":"Transaction failed: Consumed Voucher","requestId":"wp_1752577246_lg5RJ7cZ","stack":"Error: Transaction failed: Consumed Voucher\n    at AutomationService.runTopUpAutomation (C:\\Users\\HP\\Local Sites\\botplugin\\app\\public\\wp-content\\plugins\\top-up-agent\\server\\src\\services\\AutomationService.js:489:17)"}
2025-07-15T11:05:20.388Z [ERROR]: Failed to initialize database 
2025-07-15T11:07:24.206Z [ERROR]: Transaction error: Consumed Voucher 
2025-07-15T11:07:24.213Z [ERROR]: Mobile Legends automation failed {"error":"Transaction failed: Consumed Voucher","requestId":"wp_1752577624_sEyHNAxD","playerId":"8577081198"}
2025-07-15T11:07:24.899Z [ERROR]: Automation failed {"error":"Transaction failed: Consumed Voucher","requestId":"wp_1752577624_sEyHNAxD","stack":"Error: Transaction failed: Consumed Voucher\n    at AutomationService.runTopUpAutomation (C:\\Users\\HP\\Local Sites\\botplugin\\app\\public\\wp-content\\plugins\\top-up-agent\\server\\src\\services\\AutomationService.js:489:17)"}
2025-07-15T11:12:23.703Z [ERROR]: Mobile Legends automation failed {"error":"Player username selector not found - page may not have loaded correctly","requestId":"test_cancel_request_123","playerId":"123456789"}
2025-07-15T11:12:24.306Z [ERROR]: Automation failed {"error":"Player username selector not found - page may not have loaded correctly","requestId":"test_cancel_request_123","stack":"Error: Player username selector not found - page may not have loaded correctly\n    at AutomationService.runTopUpAutomation (C:\\Users\\HP\\Local Sites\\botplugin\\app\\public\\wp-content\\plugins\\top-up-agent\\server\\src\\services\\AutomationService.js:297:17)"}
2025-07-15T11:13:05.343Z [ERROR]: Transaction error: Consumed Voucher 
2025-07-15T11:13:05.354Z [ERROR]: Mobile Legends automation failed {"error":"Transaction failed: Consumed Voucher","requestId":"wp_1752577965_jlmeWHy7","playerId":"8577081198"}
2025-07-15T11:13:06.085Z [ERROR]: Automation failed {"error":"Transaction failed: Consumed Voucher","requestId":"wp_1752577965_jlmeWHy7","stack":"Error: Transaction failed: Consumed Voucher\n    at AutomationService.runTopUpAutomation (C:\\Users\\HP\\Local Sites\\botplugin\\app\\public\\wp-content\\plugins\\top-up-agent\\server\\src\\services\\AutomationService.js:489:17)"}
2025-07-15T11:15:53.820Z [ERROR]: Mobile Legends automation failed {"error":"Player username selector not found - page may not have loaded correctly","requestId":"test_cancel_request_456","playerId":"123456789"}
2025-07-15T11:15:54.342Z [ERROR]: Automation failed {"error":"Player username selector not found - page may not have loaded correctly","requestId":"test_cancel_request_456","stack":"Error: Player username selector not found - page may not have loaded correctly\n    at AutomationService.runTopUpAutomation (C:\\Users\\HP\\Local Sites\\botplugin\\app\\public\\wp-content\\plugins\\top-up-agent\\server\\src\\services\\AutomationService.js:297:17)"}
2025-07-15T11:16:56.138Z [ERROR]: Transaction error: Consumed Voucher 
2025-07-15T11:16:56.147Z [ERROR]: Mobile Legends automation failed {"error":"Transaction failed: Consumed Voucher","requestId":"wp_1752578199_Nz9mHElo","playerId":"8577081198"}
2025-07-15T11:16:56.887Z [ERROR]: Automation failed {"error":"Transaction failed: Consumed Voucher","requestId":"wp_1752578199_Nz9mHElo","stack":"Error: Transaction failed: Consumed Voucher\n    at AutomationService.runTopUpAutomation (C:\\Users\\HP\\Local Sites\\botplugin\\app\\public\\wp-content\\plugins\\top-up-agent\\server\\src\\services\\AutomationService.js:489:17)"}
2025-07-15T11:19:25.458Z [ERROR]: Mobile Legends automation failed {"error":"Player username selector not found - page may not have loaded correctly","requestId":"test_debug_job_789","playerId":"123456789"}
2025-07-15T11:19:26.067Z [ERROR]: Automation failed {"error":"Player username selector not found - page may not have loaded correctly","requestId":"test_debug_job_789","stack":"Error: Player username selector not found - page may not have loaded correctly\n    at AutomationService.runTopUpAutomation (C:\\Users\\HP\\Local Sites\\botplugin\\app\\public\\wp-content\\plugins\\top-up-agent\\server\\src\\services\\AutomationService.js:297:17)"}
2025-07-15T11:21:48.044Z [ERROR]: Transaction error: Consumed Voucher 
2025-07-15T11:21:48.050Z [ERROR]: Mobile Legends automation failed {"error":"Transaction failed: Consumed Voucher","requestId":"wp_1752578488_FUno7f8U","playerId":"8577081198"}
2025-07-15T11:21:48.679Z [ERROR]: Automation failed {"error":"Transaction failed: Consumed Voucher","requestId":"wp_1752578488_FUno7f8U","stack":"Error: Transaction failed: Consumed Voucher\n    at AutomationService.runTopUpAutomation (C:\\Users\\HP\\Local Sites\\botplugin\\app\\public\\wp-content\\plugins\\top-up-agent\\server\\src\\services\\AutomationService.js:489:17)"}
2025-07-15T11:26:41.090Z [ERROR]: Mobile Legends automation failed {"error":"Player username selector not found - page may not have loaded correctly","requestId":"test_final_check_999","playerId":"999999999"}
2025-07-15T11:26:41.701Z [ERROR]: Automation failed {"error":"Player username selector not found - page may not have loaded correctly","requestId":"test_final_check_999","stack":"Error: Player username selector not found - page may not have loaded correctly\n    at AutomationService.runTopUpAutomation (C:\\Users\\HP\\Local Sites\\botplugin\\app\\public\\wp-content\\plugins\\top-up-agent\\server\\src\\services\\AutomationService.js:297:17)"}
2025-07-15T11:27:35.365Z [ERROR]: Transaction error: Consumed Voucher 
2025-07-15T11:27:35.375Z [ERROR]: Mobile Legends automation failed {"error":"Transaction failed: Consumed Voucher","requestId":"wp_1752578833_ASh2gRvV","playerId":"8577081198"}
2025-07-15T11:27:36.214Z [ERROR]: Automation failed {"error":"Transaction failed: Consumed Voucher","requestId":"wp_1752578833_ASh2gRvV","stack":"Error: Transaction failed: Consumed Voucher\n    at AutomationService.runTopUpAutomation (C:\\Users\\HP\\Local Sites\\botplugin\\app\\public\\wp-content\\plugins\\top-up-agent\\server\\src\\services\\AutomationService.js:489:17)"}
2025-07-15T11:33:54.113Z [ERROR]: Failed to initialize database 
2025-07-15T11:34:42.256Z [ERROR]: Mobile Legends automation failed {"error":"Player username selector not found - page may not have loaded correctly","requestId":"test_statistics_job_001","playerId":"123456789"}
2025-07-15T11:34:42.853Z [ERROR]: Automation failed {"error":"Player username selector not found - page may not have loaded correctly","requestId":"test_statistics_job_001","stack":"Error: Player username selector not found - page may not have loaded correctly\n    at AutomationService.runTopUpAutomation (C:\\Users\\HP\\Local Sites\\botplugin\\app\\public\\wp-content\\plugins\\top-up-agent\\server\\src\\services\\AutomationService.js:297:17)"}
2025-07-15T11:36:23.126Z [ERROR]: Transaction error: Consumed Voucher 
2025-07-15T11:36:23.134Z [ERROR]: Mobile Legends automation failed {"error":"Transaction failed: Consumed Voucher","requestId":"wp_1752579362_TymTkxHe","playerId":"8577081198"}
2025-07-15T11:36:23.875Z [ERROR]: Automation failed {"error":"Transaction failed: Consumed Voucher","requestId":"wp_1752579362_TymTkxHe","stack":"Error: Transaction failed: Consumed Voucher\n    at AutomationService.runTopUpAutomation (C:\\Users\\HP\\Local Sites\\botplugin\\app\\public\\wp-content\\plugins\\top-up-agent\\server\\src\\services\\AutomationService.js:489:17)"}
2025-07-15T11:41:28.821Z [ERROR]: Mobile Legends automation failed {"error":"Player username selector not found - page may not have loaded correctly","requestId":"test_database_job_001","playerId":"123456789"}
2025-07-15T11:41:29.345Z [ERROR]: Automation failed {"error":"Player username selector not found - page may not have loaded correctly","requestId":"test_database_job_001","stack":"Error: Player username selector not found - page may not have loaded correctly\n    at AutomationService.runTopUpAutomation (C:\\Users\\HP\\Local Sites\\botplugin\\app\\public\\wp-content\\plugins\\top-up-agent\\server\\src\\services\\AutomationService.js:297:17)"}
2025-07-15T11:42:32.994Z [ERROR]: Transaction error: Consumed Voucher 
2025-07-15T11:42:33.020Z [ERROR]: Mobile Legends automation failed {"error":"Transaction failed: Consumed Voucher","requestId":"wp_1752579732_DT77Ta6O","playerId":"8577081198"}
2025-07-15T11:42:33.749Z [ERROR]: Automation failed {"error":"Transaction failed: Consumed Voucher","requestId":"wp_1752579732_DT77Ta6O","stack":"Error: Transaction failed: Consumed Voucher\n    at AutomationService.runTopUpAutomation (C:\\Users\\HP\\Local Sites\\botplugin\\app\\public\\wp-content\\plugins\\top-up-agent\\server\\src\\services\\AutomationService.js:489:17)"}
2025-07-15T11:48:22.200Z [ERROR]: Transaction error: Consumed Voucher 
2025-07-15T11:48:22.225Z [ERROR]: Mobile Legends automation failed {"error":"Transaction failed: Consumed Voucher","requestId":"wp_1752580085_vJakns5R","playerId":"8577081198"}
2025-07-15T11:48:22.996Z [ERROR]: Automation failed {"error":"Transaction failed: Consumed Voucher","requestId":"wp_1752580085_vJakns5R","stack":"Error: Transaction failed: Consumed Voucher\n    at AutomationService.runTopUpAutomation (C:\\Users\\HP\\Local Sites\\botplugin\\app\\public\\wp-content\\plugins\\top-up-agent\\server\\src\\services\\AutomationService.js:489:17)"}
2025-07-15T11:49:40.699Z [ERROR]: Transaction error: Consumed Voucher 
2025-07-15T11:49:40.725Z [ERROR]: Mobile Legends automation failed {"error":"Transaction failed: Consumed Voucher","requestId":"wp_1752580160_ArGQWVl6","playerId":"8577081198"}
2025-07-15T11:49:41.545Z [ERROR]: Automation failed {"error":"Transaction failed: Consumed Voucher","requestId":"wp_1752580160_ArGQWVl6","stack":"Error: Transaction failed: Consumed Voucher\n    at AutomationService.runTopUpAutomation (C:\\Users\\HP\\Local Sites\\botplugin\\app\\public\\wp-content\\plugins\\top-up-agent\\server\\src\\services\\AutomationService.js:489:17)"}
2025-07-15T12:00:42.315Z [ERROR]: Mobile Legends automation failed {"error":"Attempted to use detached Frame 'F8A0F9F3B09AE1D316E252924B92DCD0'.","requestId":"wp_1752580834_m6GtUM1I","playerId":"8577081198"}
2025-07-15T12:00:42.674Z [ERROR]: Automation failed {"error":"Attempted to use detached Frame 'F8A0F9F3B09AE1D316E252924B92DCD0'.","requestId":"wp_1752580834_m6GtUM1I","stack":"Error: Attempted to use detached Frame 'F8A0F9F3B09AE1D316E252924B92DCD0'.\n    at CdpFrame.<anonymous> (c:\\Users\\HP\\Local Sites\\botplugin\\app\\public\\wp-content\\plugins\\top-up-agent\\server\\node_modules\\puppeteer-core\\lib\\cjs\\puppeteer\\util\\decorators.js:107:23)\n    at CdpPage.waitForSelector (c:\\Users\\HP\\Local Sites\\botplugin\\app\\public\\wp-content\\plugins\\top-up-agent\\server\\node_modules\\puppeteer-core\\lib\\cjs\\puppeteer\\api\\Page.js:1377:43)\n    at AutomationService.runTopUpAutomation (c:\\Users\\HP\\Local Sites\\botplugin\\app\\public\\wp-content\\plugins\\top-up-agent\\server\\src\\services\\AutomationService.js:262:18)"}
2025-07-15T12:46:47.937Z [ERROR]: Mobile Legends automation failed {"error":"Transaction failed: Consumed Voucher","requestId":"wp_1752583588_DHV8s8iZ","playerId":"8577081198"}
2025-07-15T12:46:48.834Z [ERROR]: Automation failed {"error":"Transaction failed: Consumed Voucher","requestId":"wp_1752583588_DHV8s8iZ","stack":"Error: Transaction failed: Consumed Voucher\n    at AutomationService.runTopUpAutomation (C:\\Users\\HP\\Local Sites\\botplugin\\app\\public\\wp-content\\plugins\\top-up-agent\\server\\src\\services\\AutomationService.js:506:17)"}
2025-07-15T12:48:11.283Z [ERROR]: Mobile Legends automation failed {"error":"Transaction failed: Consumed Voucher","requestId":"wp_1752583671_KPtu7wW5","playerId":"8577081198"}
2025-07-15T12:48:12.088Z [ERROR]: Automation failed {"error":"Transaction failed: Consumed Voucher","requestId":"wp_1752583671_KPtu7wW5","stack":"Error: Transaction failed: Consumed Voucher\n    at AutomationService.runTopUpAutomation (C:\\Users\\HP\\Local Sites\\botplugin\\app\\public\\wp-content\\plugins\\top-up-agent\\server\\src\\services\\AutomationService.js:506:17)"}
2025-07-15T12:53:08.503Z [ERROR]: Mobile Legends automation failed {"error":"Transaction failed: Consumed Voucher","requestId":"wp_1752583968_U2t73AyS","playerId":"8577081198"}
2025-07-15T12:53:09.361Z [ERROR]: Automation failed {"error":"Transaction failed: Consumed Voucher","requestId":"wp_1752583968_U2t73AyS","stack":"Error: Transaction failed: Consumed Voucher\n    at AutomationService.runTopUpAutomation (C:\\Users\\HP\\Local Sites\\botplugin\\app\\public\\wp-content\\plugins\\top-up-agent\\server\\src\\services\\AutomationService.js:506:17)"}
2025-07-16T03:23:37.103Z [ERROR]: Free Fire automation failed {"error":"Navigating frame was detached","requestId":"wp_1752636210_8iB3YUlL","playerId":"8577081198"}
2025-07-16T03:23:37.499Z [ERROR]: Automation failed {"error":"Navigating frame was detached","requestId":"wp_1752636210_8iB3YUlL","stack":"Error: Navigating frame was detached\n    at #onFrameDetached (C:\\Users\\HP\\Local Sites\\botplugin\\app\\public\\wp-content\\plugins\\top-up-agent\\server\\node_modules\\puppeteer-core\\lib\\cjs\\puppeteer\\cdp\\LifecycleWatcher.js:103:47)\n    at C:\\Users\\HP\\Local Sites\\botplugin\\app\\public\\wp-content\\plugins\\top-up-agent\\server\\node_modules\\puppeteer-core\\lib\\cjs\\third_party\\mitt\\mitt.js:62:7\n    at Array.map (<anonymous>)\n    at Object.emit (C:\\Users\\HP\\Local Sites\\botplugin\\app\\public\\wp-content\\plugins\\top-up-agent\\server\\node_modules\\puppeteer-core\\lib\\cjs\\third_party\\mitt\\mitt.js:61:20)\n    at CdpFrame.emit (C:\\Users\\HP\\Local Sites\\botplugin\\app\\public\\wp-content\\plugins\\top-up-agent\\server\\node_modules\\puppeteer-core\\lib\\cjs\\puppeteer\\common\\EventEmitter.js:83:23)\n    at #removeFramesRecursively (C:\\Users\\HP\\Local Sites\\botplugin\\app\\public\\wp-content\\plugins\\top-up-agent\\server\\node_modules\\puppeteer-core\\lib\\cjs\\puppeteer\\cdp\\FrameManager.js:455:15)\n    at #onClientDisconnect (C:\\Users\\HP\\Local Sites\\botplugin\\app\\public\\wp-content\\plugins\\top-up-agent\\server\\node_modules\\puppeteer-core\\lib\\cjs\\puppeteer\\cdp\\FrameManager.js:99:42)"}
2025-07-16T03:37:47.089Z [ERROR]: Free Fire automation failed {"error":"Transaction failed: Consumed Voucher","requestId":"wp_1752637043_bjlW2GOS","playerId":"8577081198"}
2025-07-16T03:37:48.277Z [ERROR]: Automation failed {"error":"Transaction failed: Consumed Voucher","requestId":"wp_1752637043_bjlW2GOS","stack":"Error: Transaction failed: Consumed Voucher\n    at AutomationService.runTopUpAutomation (C:\\Users\\HP\\Local Sites\\botplugin\\app\\public\\wp-content\\plugins\\top-up-agent\\server\\src\\services\\AutomationService.js:506:17)"}
2025-07-16T03:40:13.609Z [ERROR]: Free Fire automation failed {"error":"Transaction failed: Consumed Voucher","requestId":"wp_1752637187_bWJO82mC","playerId":"8577081198"}
2025-07-16T03:40:14.695Z [ERROR]: Automation failed {"error":"Transaction failed: Consumed Voucher","requestId":"wp_1752637187_bWJO82mC","stack":"Error: Transaction failed: Consumed Voucher\n    at AutomationService.runTopUpAutomation (C:\\Users\\HP\\Local Sites\\botplugin\\app\\public\\wp-content\\plugins\\top-up-agent\\server\\src\\services\\AutomationService.js:506:17)"}
2025-07-18T04:28:43.109Z [ERROR]: Free Fire automation failed {"error":"Transaction failed: Consumed Voucher","requestId":"wp_1752812892_DhJ3K5Sj","playerId":"12270489142"}
2025-07-18T04:28:44.179Z [ERROR]: Automation failed {"error":"Transaction failed: Consumed Voucher","requestId":"wp_1752812892_DhJ3K5Sj","stack":"Error: Transaction failed: Consumed Voucher\n    at AutomationService.runTopUpAutomation (C:\\Users\\HP\\Local Sites\\botplugin\\app\\public\\wp-content\\plugins\\top-up-agent\\server\\src\\services\\AutomationService.js:506:17)"}
2025-07-18T07:12:33.346Z [ERROR]: Free Fire automation failed {"error":"net::ERR_CONNECTION_RESET at https://shop.garena.my/?app=100067&channel=202953","requestId":"wp_1752822749_lAKeNrvy","playerId":"12270489142"}
2025-07-18T07:12:33.771Z [ERROR]: Automation failed {"error":"net::ERR_CONNECTION_RESET at https://shop.garena.my/?app=100067&channel=202953","requestId":"wp_1752822749_lAKeNrvy","stack":"Error: net::ERR_CONNECTION_RESET at https://shop.garena.my/?app=100067&channel=202953\n    at navigate (C:\\Users\\HP\\Local Sites\\botplugin\\app\\public\\wp-content\\plugins\\top-up-agent\\server\\node_modules\\puppeteer-core\\lib\\cjs\\puppeteer\\cdp\\Frame.js:184:27)\n    at async Deferred.race (C:\\Users\\HP\\Local Sites\\botplugin\\app\\public\\wp-content\\plugins\\top-up-agent\\server\\node_modules\\puppeteer-core\\lib\\cjs\\puppeteer\\util\\Deferred.js:36:20)\n    at async CdpFrame.goto (C:\\Users\\HP\\Local Sites\\botplugin\\app\\public\\wp-content\\plugins\\top-up-agent\\server\\node_modules\\puppeteer-core\\lib\\cjs\\puppeteer\\cdp\\Frame.js:150:25)\n    at async CdpPage.goto (C:\\Users\\HP\\Local Sites\\botplugin\\app\\public\\wp-content\\plugins\\top-up-agent\\server\\node_modules\\puppeteer-core\\lib\\cjs\\puppeteer\\api\\Page.js:574:20)\n    at async AutomationService.runTopUpAutomation (C:\\Users\\HP\\Local Sites\\botplugin\\app\\public\\wp-content\\plugins\\top-up-agent\\server\\src\\services\\AutomationService.js:255:7)"}
2025-07-18T07:14:18.059Z [ERROR]: Free Fire automation failed {"error":"net::ERR_TIMED_OUT at https://shop.garena.my/?app=100067&channel=202953","requestId":"wp_1752822849_n05yroQS","playerId":"12270489142"}
2025-07-18T07:14:18.624Z [ERROR]: Automation failed {"error":"net::ERR_TIMED_OUT at https://shop.garena.my/?app=100067&channel=202953","requestId":"wp_1752822849_n05yroQS","stack":"Error: net::ERR_TIMED_OUT at https://shop.garena.my/?app=100067&channel=202953\n    at navigate (C:\\Users\\HP\\Local Sites\\botplugin\\app\\public\\wp-content\\plugins\\top-up-agent\\server\\node_modules\\puppeteer-core\\lib\\cjs\\puppeteer\\cdp\\Frame.js:184:27)\n    at async Deferred.race (C:\\Users\\HP\\Local Sites\\botplugin\\app\\public\\wp-content\\plugins\\top-up-agent\\server\\node_modules\\puppeteer-core\\lib\\cjs\\puppeteer\\util\\Deferred.js:36:20)\n    at async CdpFrame.goto (C:\\Users\\HP\\Local Sites\\botplugin\\app\\public\\wp-content\\plugins\\top-up-agent\\server\\node_modules\\puppeteer-core\\lib\\cjs\\puppeteer\\cdp\\Frame.js:150:25)\n    at async CdpPage.goto (C:\\Users\\HP\\Local Sites\\botplugin\\app\\public\\wp-content\\plugins\\top-up-agent\\server\\node_modules\\puppeteer-core\\lib\\cjs\\puppeteer\\api\\Page.js:574:20)\n    at async AutomationService.runTopUpAutomation (C:\\Users\\HP\\Local Sites\\botplugin\\app\\public\\wp-content\\plugins\\top-up-agent\\server\\src\\services\\AutomationService.js:255:7)"}
2025-07-18T07:15:49.489Z [ERROR]: Free Fire automation failed {"error":"Waiting for selector `input[placeholder=\"Please enter player ID here\"]` failed: Waiting failed: 15000ms exceeded","requestId":"wp_1752822911_T9QZdMa9","playerId":"12270489142"}
2025-07-18T07:15:50.024Z [ERROR]: Automation failed {"error":"Waiting for selector `input[placeholder=\"Please enter player ID here\"]` failed: Waiting failed: 15000ms exceeded","requestId":"wp_1752822911_T9QZdMa9","stack":"TimeoutError: Waiting for selector `input[placeholder=\"Please enter player ID here\"]` failed: Waiting failed: 15000ms exceeded\n    at new WaitTask (C:\\Users\\HP\\Local Sites\\botplugin\\app\\public\\wp-content\\plugins\\top-up-agent\\server\\node_modules\\puppeteer-core\\lib\\cjs\\puppeteer\\common\\WaitTask.js:48:34)\n    at IsolatedWorld.waitForFunction (C:\\Users\\HP\\Local Sites\\botplugin\\app\\public\\wp-content\\plugins\\top-up-agent\\server\\node_modules\\puppeteer-core\\lib\\cjs\\puppeteer\\api\\Realm.js:25:26)\n    at CSSQueryHandler.waitFor (C:\\Users\\HP\\Local Sites\\botplugin\\app\\public\\wp-content\\plugins\\top-up-agent\\server\\node_modules\\puppeteer-core\\lib\\cjs\\puppeteer\\common\\QueryHandler.js:178:95)\n    at async CdpFrame.waitForSelector (C:\\Users\\HP\\Local Sites\\botplugin\\app\\public\\wp-content\\plugins\\top-up-agent\\server\\node_modules\\puppeteer-core\\lib\\cjs\\puppeteer\\api\\Frame.js:548:21)\n    at async CdpPage.waitForSelector (C:\\Users\\HP\\Local Sites\\botplugin\\app\\public\\wp-content\\plugins\\top-up-agent\\server\\node_modules\\puppeteer-core\\lib\\cjs\\puppeteer\\api\\Page.js:1377:20)\n    at async AutomationService.runTopUpAutomation (C:\\Users\\HP\\Local Sites\\botplugin\\app\\public\\wp-content\\plugins\\top-up-agent\\server\\src\\services\\AutomationService.js:282:7)"}
2025-07-18T09:11:42.097Z [ERROR]: Free Fire automation failed {"error":"net::ERR_TIMED_OUT at https://shop.garena.my/?app=100067&channel=202953","requestId":"wp_1752829892_EURRA8EA","playerId":"8577081198"}
2025-07-18T09:11:42.636Z [ERROR]: Automation failed {"error":"net::ERR_TIMED_OUT at https://shop.garena.my/?app=100067&channel=202953","requestId":"wp_1752829892_EURRA8EA","stack":"Error: net::ERR_TIMED_OUT at https://shop.garena.my/?app=100067&channel=202953\n    at navigate (C:\\Users\\HP\\Local Sites\\botplugin\\app\\public\\wp-content\\plugins\\top-up-agent\\server\\node_modules\\puppeteer-core\\lib\\cjs\\puppeteer\\cdp\\Frame.js:184:27)\n    at async Deferred.race (C:\\Users\\HP\\Local Sites\\botplugin\\app\\public\\wp-content\\plugins\\top-up-agent\\server\\node_modules\\puppeteer-core\\lib\\cjs\\puppeteer\\util\\Deferred.js:36:20)\n    at async CdpFrame.goto (C:\\Users\\HP\\Local Sites\\botplugin\\app\\public\\wp-content\\plugins\\top-up-agent\\server\\node_modules\\puppeteer-core\\lib\\cjs\\puppeteer\\cdp\\Frame.js:150:25)\n    at async CdpPage.goto (C:\\Users\\HP\\Local Sites\\botplugin\\app\\public\\wp-content\\plugins\\top-up-agent\\server\\node_modules\\puppeteer-core\\lib\\cjs\\puppeteer\\api\\Page.js:574:20)\n    at async AutomationService.runTopUpAutomation (C:\\Users\\HP\\Local Sites\\botplugin\\app\\public\\wp-content\\plugins\\top-up-agent\\server\\src\\services\\AutomationService.js:256:7)"}
2025-07-18T09:12:27.838Z [ERROR]: Free Fire automation failed {"error":"net::ERR_NO_SUPPORTED_PROXIES at https://shop.garena.my/?app=100067&channel=202953","requestId":"wp_1752829946_9p9ld9Ei","playerId":"8577081198"}
2025-07-18T09:12:28.414Z [ERROR]: Automation failed {"error":"net::ERR_NO_SUPPORTED_PROXIES at https://shop.garena.my/?app=100067&channel=202953","requestId":"wp_1752829946_9p9ld9Ei","stack":"Error: net::ERR_NO_SUPPORTED_PROXIES at https://shop.garena.my/?app=100067&channel=202953\n    at navigate (C:\\Users\\HP\\Local Sites\\botplugin\\app\\public\\wp-content\\plugins\\top-up-agent\\server\\node_modules\\puppeteer-core\\lib\\cjs\\puppeteer\\cdp\\Frame.js:184:27)\n    at async Deferred.race (C:\\Users\\HP\\Local Sites\\botplugin\\app\\public\\wp-content\\plugins\\top-up-agent\\server\\node_modules\\puppeteer-core\\lib\\cjs\\puppeteer\\util\\Deferred.js:36:20)\n    at async CdpFrame.goto (C:\\Users\\HP\\Local Sites\\botplugin\\app\\public\\wp-content\\plugins\\top-up-agent\\server\\node_modules\\puppeteer-core\\lib\\cjs\\puppeteer\\cdp\\Frame.js:150:25)\n    at async CdpPage.goto (C:\\Users\\HP\\Local Sites\\botplugin\\app\\public\\wp-content\\plugins\\top-up-agent\\server\\node_modules\\puppeteer-core\\lib\\cjs\\puppeteer\\api\\Page.js:574:20)\n    at async AutomationService.runTopUpAutomation (C:\\Users\\HP\\Local Sites\\botplugin\\app\\public\\wp-content\\plugins\\top-up-agent\\server\\src\\services\\AutomationService.js:257:7)"}
2025-07-18T09:13:16.944Z [ERROR]: Free Fire automation failed {"error":"net::ERR_NO_SUPPORTED_PROXIES at https://shop.garena.my/?app=100067&channel=202953","requestId":"wp_1752829996_fVhLiLBS","playerId":"8577081198"}
2025-07-18T09:13:17.452Z [ERROR]: Automation failed {"error":"net::ERR_NO_SUPPORTED_PROXIES at https://shop.garena.my/?app=100067&channel=202953","requestId":"wp_1752829996_fVhLiLBS","stack":"Error: net::ERR_NO_SUPPORTED_PROXIES at https://shop.garena.my/?app=100067&channel=202953\n    at navigate (C:\\Users\\HP\\Local Sites\\botplugin\\app\\public\\wp-content\\plugins\\top-up-agent\\server\\node_modules\\puppeteer-core\\lib\\cjs\\puppeteer\\cdp\\Frame.js:184:27)\n    at async Deferred.race (C:\\Users\\HP\\Local Sites\\botplugin\\app\\public\\wp-content\\plugins\\top-up-agent\\server\\node_modules\\puppeteer-core\\lib\\cjs\\puppeteer\\util\\Deferred.js:36:20)\n    at async CdpFrame.goto (C:\\Users\\HP\\Local Sites\\botplugin\\app\\public\\wp-content\\plugins\\top-up-agent\\server\\node_modules\\puppeteer-core\\lib\\cjs\\puppeteer\\cdp\\Frame.js:150:25)\n    at async CdpPage.goto (C:\\Users\\HP\\Local Sites\\botplugin\\app\\public\\wp-content\\plugins\\top-up-agent\\server\\node_modules\\puppeteer-core\\lib\\cjs\\puppeteer\\api\\Page.js:574:20)\n    at async AutomationService.runTopUpAutomation (C:\\Users\\HP\\Local Sites\\botplugin\\app\\public\\wp-content\\plugins\\top-up-agent\\server\\src\\services\\AutomationService.js:257:7)"}
2025-07-18T09:13:51.617Z [ERROR]: Free Fire automation failed {"error":"net::ERR_NO_SUPPORTED_PROXIES at https://shop.garena.my/?app=100067&channel=202953","requestId":"wp_1752830030_CKbkN1jC","playerId":"8577081198"}
2025-07-18T09:13:51.986Z [ERROR]: Automation failed {"error":"net::ERR_NO_SUPPORTED_PROXIES at https://shop.garena.my/?app=100067&channel=202953","requestId":"wp_1752830030_CKbkN1jC","stack":"Error: net::ERR_NO_SUPPORTED_PROXIES at https://shop.garena.my/?app=100067&channel=202953\n    at navigate (C:\\Users\\HP\\Local Sites\\botplugin\\app\\public\\wp-content\\plugins\\top-up-agent\\server\\node_modules\\puppeteer-core\\lib\\cjs\\puppeteer\\cdp\\Frame.js:184:27)\n    at async Deferred.race (C:\\Users\\HP\\Local Sites\\botplugin\\app\\public\\wp-content\\plugins\\top-up-agent\\server\\node_modules\\puppeteer-core\\lib\\cjs\\puppeteer\\util\\Deferred.js:36:20)\n    at async CdpFrame.goto (C:\\Users\\HP\\Local Sites\\botplugin\\app\\public\\wp-content\\plugins\\top-up-agent\\server\\node_modules\\puppeteer-core\\lib\\cjs\\puppeteer\\cdp\\Frame.js:150:25)\n    at async CdpPage.goto (C:\\Users\\HP\\Local Sites\\botplugin\\app\\public\\wp-content\\plugins\\top-up-agent\\server\\node_modules\\puppeteer-core\\lib\\cjs\\puppeteer\\api\\Page.js:574:20)\n    at async AutomationService.runTopUpAutomation (C:\\Users\\HP\\Local Sites\\botplugin\\app\\public\\wp-content\\plugins\\top-up-agent\\server\\src\\services\\AutomationService.js:257:7)"}
2025-07-18T09:14:20.362Z [ERROR]: Free Fire automation failed {"error":"net::ERR_NO_SUPPORTED_PROXIES at https://shop.garena.my/?app=100067&channel=202953","requestId":"wp_1752830059_kkaNlKzZ","playerId":"8577081198"}
2025-07-18T09:14:20.890Z [ERROR]: Automation failed {"error":"net::ERR_NO_SUPPORTED_PROXIES at https://shop.garena.my/?app=100067&channel=202953","requestId":"wp_1752830059_kkaNlKzZ","stack":"Error: net::ERR_NO_SUPPORTED_PROXIES at https://shop.garena.my/?app=100067&channel=202953\n    at navigate (C:\\Users\\HP\\Local Sites\\botplugin\\app\\public\\wp-content\\plugins\\top-up-agent\\server\\node_modules\\puppeteer-core\\lib\\cjs\\puppeteer\\cdp\\Frame.js:184:27)\n    at async Deferred.race (C:\\Users\\HP\\Local Sites\\botplugin\\app\\public\\wp-content\\plugins\\top-up-agent\\server\\node_modules\\puppeteer-core\\lib\\cjs\\puppeteer\\util\\Deferred.js:36:20)\n    at async CdpFrame.goto (C:\\Users\\HP\\Local Sites\\botplugin\\app\\public\\wp-content\\plugins\\top-up-agent\\server\\node_modules\\puppeteer-core\\lib\\cjs\\puppeteer\\cdp\\Frame.js:150:25)\n    at async CdpPage.goto (C:\\Users\\HP\\Local Sites\\botplugin\\app\\public\\wp-content\\plugins\\top-up-agent\\server\\node_modules\\puppeteer-core\\lib\\cjs\\puppeteer\\api\\Page.js:574:20)\n    at async AutomationService.runTopUpAutomation (C:\\Users\\HP\\Local Sites\\botplugin\\app\\public\\wp-content\\plugins\\top-up-agent\\server\\src\\services\\AutomationService.js:257:7)"}
2025-07-18T09:15:15.024Z [ERROR]: Free Fire automation failed {"error":"net::ERR_TIMED_OUT at https://shop.garena.my/?app=100067&channel=202953","requestId":"wp_1752830106_fNm53ecx","playerId":"8577081198"}
2025-07-18T09:15:15.583Z [ERROR]: Automation failed {"error":"net::ERR_TIMED_OUT at https://shop.garena.my/?app=100067&channel=202953","requestId":"wp_1752830106_fNm53ecx","stack":"Error: net::ERR_TIMED_OUT at https://shop.garena.my/?app=100067&channel=202953\n    at navigate (C:\\Users\\HP\\Local Sites\\botplugin\\app\\public\\wp-content\\plugins\\top-up-agent\\server\\node_modules\\puppeteer-core\\lib\\cjs\\puppeteer\\cdp\\Frame.js:184:27)\n    at async Deferred.race (C:\\Users\\HP\\Local Sites\\botplugin\\app\\public\\wp-content\\plugins\\top-up-agent\\server\\node_modules\\puppeteer-core\\lib\\cjs\\puppeteer\\util\\Deferred.js:36:20)\n    at async CdpFrame.goto (C:\\Users\\HP\\Local Sites\\botplugin\\app\\public\\wp-content\\plugins\\top-up-agent\\server\\node_modules\\puppeteer-core\\lib\\cjs\\puppeteer\\cdp\\Frame.js:150:25)\n    at async CdpPage.goto (C:\\Users\\HP\\Local Sites\\botplugin\\app\\public\\wp-content\\plugins\\top-up-agent\\server\\node_modules\\puppeteer-core\\lib\\cjs\\puppeteer\\api\\Page.js:574:20)\n    at async AutomationService.runTopUpAutomation (C:\\Users\\HP\\Local Sites\\botplugin\\app\\public\\wp-content\\plugins\\top-up-agent\\server\\src\\services\\AutomationService.js:256:7)"}
2025-07-18T09:16:18.134Z [ERROR]: Free Fire automation failed {"error":"net::ERR_PROXY_CONNECTION_FAILED at https://shop.garena.my/?app=100067&channel=202953","requestId":"wp_1752830175_j7y6eADx","playerId":"8577081198"}
2025-07-18T09:16:18.645Z [ERROR]: Automation failed {"error":"net::ERR_PROXY_CONNECTION_FAILED at https://shop.garena.my/?app=100067&channel=202953","requestId":"wp_1752830175_j7y6eADx","stack":"Error: net::ERR_PROXY_CONNECTION_FAILED at https://shop.garena.my/?app=100067&channel=202953\n    at navigate (C:\\Users\\HP\\Local Sites\\botplugin\\app\\public\\wp-content\\plugins\\top-up-agent\\server\\node_modules\\puppeteer-core\\lib\\cjs\\puppeteer\\cdp\\Frame.js:184:27)\n    at async Deferred.race (C:\\Users\\HP\\Local Sites\\botplugin\\app\\public\\wp-content\\plugins\\top-up-agent\\server\\node_modules\\puppeteer-core\\lib\\cjs\\puppeteer\\util\\Deferred.js:36:20)\n    at async CdpFrame.goto (C:\\Users\\HP\\Local Sites\\botplugin\\app\\public\\wp-content\\plugins\\top-up-agent\\server\\node_modules\\puppeteer-core\\lib\\cjs\\puppeteer\\cdp\\Frame.js:150:25)\n    at async CdpPage.goto (C:\\Users\\HP\\Local Sites\\botplugin\\app\\public\\wp-content\\plugins\\top-up-agent\\server\\node_modules\\puppeteer-core\\lib\\cjs\\puppeteer\\api\\Page.js:574:20)\n    at async AutomationService.runTopUpAutomation (C:\\Users\\HP\\Local Sites\\botplugin\\app\\public\\wp-content\\plugins\\top-up-agent\\server\\src\\services\\AutomationService.js:256:7)"}
2025-07-18T09:16:47.124Z [ERROR]: Free Fire automation failed {"error":"net::ERR_PROXY_CONNECTION_FAILED at https://shop.garena.my/?app=100067&channel=202953","requestId":"wp_1752830204_E2Lg02SB","playerId":"8577081198"}
2025-07-18T09:16:47.704Z [ERROR]: Automation failed {"error":"net::ERR_PROXY_CONNECTION_FAILED at https://shop.garena.my/?app=100067&channel=202953","requestId":"wp_1752830204_E2Lg02SB","stack":"Error: net::ERR_PROXY_CONNECTION_FAILED at https://shop.garena.my/?app=100067&channel=202953\n    at navigate (C:\\Users\\HP\\Local Sites\\botplugin\\app\\public\\wp-content\\plugins\\top-up-agent\\server\\node_modules\\puppeteer-core\\lib\\cjs\\puppeteer\\cdp\\Frame.js:184:27)\n    at async Deferred.race (C:\\Users\\HP\\Local Sites\\botplugin\\app\\public\\wp-content\\plugins\\top-up-agent\\server\\node_modules\\puppeteer-core\\lib\\cjs\\puppeteer\\util\\Deferred.js:36:20)\n    at async CdpFrame.goto (C:\\Users\\HP\\Local Sites\\botplugin\\app\\public\\wp-content\\plugins\\top-up-agent\\server\\node_modules\\puppeteer-core\\lib\\cjs\\puppeteer\\cdp\\Frame.js:150:25)\n    at async CdpPage.goto (C:\\Users\\HP\\Local Sites\\botplugin\\app\\public\\wp-content\\plugins\\top-up-agent\\server\\node_modules\\puppeteer-core\\lib\\cjs\\puppeteer\\api\\Page.js:574:20)\n    at async AutomationService.runTopUpAutomation (C:\\Users\\HP\\Local Sites\\botplugin\\app\\public\\wp-content\\plugins\\top-up-agent\\server\\src\\services\\AutomationService.js:256:7)"}
2025-07-18T09:17:40.928Z [ERROR]: Free Fire automation failed {"error":"net::ERR_TIMED_OUT at https://shop.garena.my/?app=100067&channel=202953","requestId":"wp_1752830252_tSytd1ZK","playerId":"8577081198"}
2025-07-18T09:17:41.537Z [ERROR]: Automation failed {"error":"net::ERR_TIMED_OUT at https://shop.garena.my/?app=100067&channel=202953","requestId":"wp_1752830252_tSytd1ZK","stack":"Error: net::ERR_TIMED_OUT at https://shop.garena.my/?app=100067&channel=202953\n    at navigate (C:\\Users\\HP\\Local Sites\\botplugin\\app\\public\\wp-content\\plugins\\top-up-agent\\server\\node_modules\\puppeteer-core\\lib\\cjs\\puppeteer\\cdp\\Frame.js:184:27)\n    at async Deferred.race (C:\\Users\\HP\\Local Sites\\botplugin\\app\\public\\wp-content\\plugins\\top-up-agent\\server\\node_modules\\puppeteer-core\\lib\\cjs\\puppeteer\\util\\Deferred.js:36:20)\n    at async CdpFrame.goto (C:\\Users\\HP\\Local Sites\\botplugin\\app\\public\\wp-content\\plugins\\top-up-agent\\server\\node_modules\\puppeteer-core\\lib\\cjs\\puppeteer\\cdp\\Frame.js:150:25)\n    at async CdpPage.goto (C:\\Users\\HP\\Local Sites\\botplugin\\app\\public\\wp-content\\plugins\\top-up-agent\\server\\node_modules\\puppeteer-core\\lib\\cjs\\puppeteer\\api\\Page.js:574:20)\n    at async AutomationService.runTopUpAutomation (C:\\Users\\HP\\Local Sites\\botplugin\\app\\public\\wp-content\\plugins\\top-up-agent\\server\\src\\services\\AutomationService.js:256:7)"}
2025-07-18T12:50:49.597Z [ERROR]: Free Fire automation failed {"error":"net::ERR_TIMED_OUT at https://shop.garena.my/?app=100067&channel=202953","requestId":"wp_1752843040_y76AHe3I","playerId":"8577081198"}
2025-07-18T12:50:50.164Z [ERROR]: Automation failed {"error":"net::ERR_TIMED_OUT at https://shop.garena.my/?app=100067&channel=202953","requestId":"wp_1752843040_y76AHe3I","stack":"Error: net::ERR_TIMED_OUT at https://shop.garena.my/?app=100067&channel=202953\n    at navigate (C:\\Users\\HP\\Local Sites\\botplugin\\app\\public\\wp-content\\plugins\\top-up-agent\\server\\node_modules\\puppeteer-core\\lib\\cjs\\puppeteer\\cdp\\Frame.js:184:27)\n    at async Deferred.race (C:\\Users\\HP\\Local Sites\\botplugin\\app\\public\\wp-content\\plugins\\top-up-agent\\server\\node_modules\\puppeteer-core\\lib\\cjs\\puppeteer\\util\\Deferred.js:36:20)\n    at async CdpFrame.goto (C:\\Users\\HP\\Local Sites\\botplugin\\app\\public\\wp-content\\plugins\\top-up-agent\\server\\node_modules\\puppeteer-core\\lib\\cjs\\puppeteer\\cdp\\Frame.js:150:25)\n    at async CdpPage.goto (C:\\Users\\HP\\Local Sites\\botplugin\\app\\public\\wp-content\\plugins\\top-up-agent\\server\\node_modules\\puppeteer-core\\lib\\cjs\\puppeteer\\api\\Page.js:574:20)\n    at async AutomationService.runTopUpAutomation (C:\\Users\\HP\\Local Sites\\botplugin\\app\\public\\wp-content\\plugins\\top-up-agent\\server\\src\\services\\AutomationService.js:255:7)"}
2025-07-18T12:51:46.270Z [ERROR]: Free Fire automation failed {"error":"net::ERR_TIMED_OUT at https://shop.garena.my/?app=100067&channel=202953","requestId":"wp_1752843097_zO8JuKhV","playerId":"8577081198"}
2025-07-18T12:51:46.855Z [ERROR]: Automation failed {"error":"net::ERR_TIMED_OUT at https://shop.garena.my/?app=100067&channel=202953","requestId":"wp_1752843097_zO8JuKhV","stack":"Error: net::ERR_TIMED_OUT at https://shop.garena.my/?app=100067&channel=202953\n    at navigate (C:\\Users\\HP\\Local Sites\\botplugin\\app\\public\\wp-content\\plugins\\top-up-agent\\server\\node_modules\\puppeteer-core\\lib\\cjs\\puppeteer\\cdp\\Frame.js:184:27)\n    at async Deferred.race (C:\\Users\\HP\\Local Sites\\botplugin\\app\\public\\wp-content\\plugins\\top-up-agent\\server\\node_modules\\puppeteer-core\\lib\\cjs\\puppeteer\\util\\Deferred.js:36:20)\n    at async CdpFrame.goto (C:\\Users\\HP\\Local Sites\\botplugin\\app\\public\\wp-content\\plugins\\top-up-agent\\server\\node_modules\\puppeteer-core\\lib\\cjs\\puppeteer\\cdp\\Frame.js:150:25)\n    at async CdpPage.goto (C:\\Users\\HP\\Local Sites\\botplugin\\app\\public\\wp-content\\plugins\\top-up-agent\\server\\node_modules\\puppeteer-core\\lib\\cjs\\puppeteer\\api\\Page.js:574:20)\n    at async AutomationService.runTopUpAutomation (C:\\Users\\HP\\Local Sites\\botplugin\\app\\public\\wp-content\\plugins\\top-up-agent\\server\\src\\services\\AutomationService.js:256:7)"}
2025-07-23T10:26:00.995Z [ERROR]: Free Fire automation failed {"error":"Transaction failed: Consumed Voucher","requestId":"wp_1753266340_Z6WeEMMC","playerId":"8577081198"}
2025-07-23T10:26:01.828Z [ERROR]: Automation failed {"error":"Transaction failed: Consumed Voucher","requestId":"wp_1753266340_Z6WeEMMC","stack":"Error: Transaction failed: Consumed Voucher\n    at AutomationService.runTopUpAutomation (C:\\Users\\HP\\Local Sites\\botplugin\\app\\public\\wp-content\\plugins\\top-up-agent\\server\\src\\services\\AutomationService.js:506:17)"}
2025-07-28T13:46:29.904Z [ERROR]: Free Fire automation failed {"error":"Transaction failed: Consumed Voucher","requestId":"wp_1753710370_1QqH8Sut","playerId":"8577081198"}
2025-07-28T13:46:30.634Z [ERROR]: Automation failed {"error":"Transaction failed: Consumed Voucher","requestId":"wp_1753710370_1QqH8Sut","stack":"Error: Transaction failed: Consumed Voucher\n    at AutomationService.runTopUpAutomation (C:\\Users\\HP\\Local Sites\\botplugin\\app\\public\\wp-content\\plugins\\top-up-agent\\server\\src\\services\\AutomationService.js:506:17)"}
2025-08-13T19:00:48.595Z [ERROR]: Uncaught Exception {"error":"listen EADDRINUSE: address already in use :::3000","stack":"Error: listen EADDRINUSE: address already in use :::3000\n    at Server.setupListenHandle [as _listen2] (node:net:1939:16)\n    at listenInCluster (node:net:1996:12)\n    at Server.listen (node:net:2101:7)\n    at Object.<anonymous> (C:\\Users\\HP\\Local Sites\\botplugin\\app\\public\\wp-content\\plugins\\top-up-agent\\server\\src\\app.js:228:8)\n    at Module._compile (node:internal/modules/cjs/loader:1730:14)\n    at Object..js (node:internal/modules/cjs/loader:1895:10)\n    at Module.load (node:internal/modules/cjs/loader:1465:32)\n    at Function._load (node:internal/modules/cjs/loader:1282:12)\n    at TracingChannel.traceSync (node:diagnostics_channel:322:14)\n    at wrapModuleLoad (node:internal/modules/cjs/loader:235:24)"}
2025-08-13T21:06:40.715Z [ERROR]: Free Fire automation failed {"error":"Player username selector not found - page may not have loaded correctly","requestId":"req_1755119164141_f7hijq6ne","playerId":"123"}
2025-08-13T21:06:41.428Z [ERROR]: Automation failed {"error":"Player username selector not found - page may not have loaded correctly","requestId":"req_1755119164141_f7hijq6ne","stack":"Error: Player username selector not found - page may not have loaded correctly\n    at AutomationService.runTopUpAutomation (C:\\Users\\HP\\Local Sites\\botplugin\\app\\public\\wp-content\\plugins\\top-up-agent\\server\\src\\services\\AutomationService.js:329:17)"}
2025-08-13T22:43:48.988Z [ERROR]: Free Fire automation failed {"error":"Transaction failed: Consumed Voucher","requestId":"req_1755125008985_ectb3ozvb","playerId":"8577081198"}
2025-08-13T22:43:49.604Z [ERROR]: Automation failed {"error":"Transaction failed: Consumed Voucher","requestId":"req_1755125008985_ectb3ozvb","stack":"Error: Transaction failed: Consumed Voucher\n    at AutomationService.runTopUpAutomation (C:\\Users\\HP\\Local Sites\\botplugin\\app\\public\\wp-content\\plugins\\top-up-agent\\server\\src\\services\\AutomationService.js:506:17)"}
2025-09-06T00:35:31.624Z [ERROR]: Uncaught Exception {"error":"AutomationService is not a constructor","stack":"TypeError: AutomationService is not a constructor\n    at Object.<anonymous> (/app/src/app.js:118:35)\n    at Module._compile (node:internal/modules/cjs/loader:1706:14)\n    at Object..js (node:internal/modules/cjs/loader:1839:10)\n    at Module.load (node:internal/modules/cjs/loader:1441:32)\n    at Function._load (node:internal/modules/cjs/loader:1263:12)\n    at TracingChannel.traceSync (node:diagnostics_channel:322:14)\n    at wrapModuleLoad (node:internal/modules/cjs/loader:237:24)\n    at Function.executeUserEntryPoint [as runMain] (node:internal/modules/run_main:171:5)\n    at node:internal/main/run_main_module:36:49"}
2025-09-06T00:43:51.031Z [ERROR]: Free Fire automation failed {"error":"Player username selector not found - page may not have loaded correctly","requestId":"direct_1757119394319","playerId":"123456789"}
2025-09-06T00:45:28.706Z [ERROR]: Free Fire automation failed {"error":"Player username selector not found - page may not have loaded correctly","requestId":"direct_1757119514771","playerId":"123456789"}
2025-09-06T00:54:37.916Z [ERROR]: Free Fire automation failed {"error":"Player username selector not found - page may not have loaded correctly","requestId":"queue_1","playerId":"987654321"}
2025-09-06T01:13:02.929Z [ERROR]: Free Fire automation failed {"error":"Player username selector not found - page may not have loaded correctly","requestId":"queue_2","playerId":"TEST123"}
2025-09-06T01:13:44.503Z [ERROR]: Free Fire automation failed {"error":"Player username selector not found - page may not have loaded correctly","requestId":"queue_3","playerId":"GROUP123"}
2025-09-06T01:14:26.911Z [ERROR]: Free Fire automation failed {"error":"Player username selector not found - page may not have loaded correctly","requestId":"test-direct-001","playerId":"DIRECT123"}
2025-09-06T01:50:45.227Z [ERROR]: Free Fire automation failed {"error":"Player username selector not found - page may not have loaded correctly","requestId":"queue_1","playerId":"TEST123"}
2025-09-06T01:51:28.964Z [ERROR]: Free Fire automation failed {"error":"Player username selector not found - page may not have loaded correctly","requestId":"queue_3","playerId":"MANUAL123"}
2025-09-06T01:52:24.980Z [ERROR]: Free Fire automation failed {"error":"Player username selector not found - page may not have loaded correctly","requestId":"test-direct-20250906075148","playerId":"DIRECT123"}
2025-09-06T01:52:55.873Z [ERROR]: Free Fire automation failed {"error":"Player username selector not found - page may not have loaded correctly","requestId":"queue_2","playerId":"GROUP123"}
2025-09-06T02:03:16.323Z [ERROR]: Uncaught Exception {"error":"listen EADDRINUSE: address already in use :::3000","stack":"Error: listen EADDRINUSE: address already in use :::3000\n    at Server.setupListenHandle [as _listen2] (node:net:1939:16)\n    at listenInCluster (node:net:1996:12)\n    at Server.listen (node:net:2101:7)\n    at Object.<anonymous> (C:\\Users\\HP\\Local Sites\\botplugin\\app\\public\\wp-content\\plugins\\top-up-agent\\TopUpAgent\\src\\app.js:255:8)\n    at Module._compile (node:internal/modules/cjs/loader:1730:14)\n    at Object..js (node:internal/modules/cjs/loader:1895:10)\n    at Module.load (node:internal/modules/cjs/loader:1465:32)\n    at Function._load (node:internal/modules/cjs/loader:1282:12)\n    at TracingChannel.traceSync (node:diagnostics_channel:322:14)\n    at wrapModuleLoad (node:internal/modules/cjs/loader:235:24)"}
2025-09-06T02:34:47.403Z [ERROR]: Free Fire automation failed {"error":"Player username selector not found - page may not have loaded correctly","requestId":"queue_1","playerId":"TEST123"}
2025-09-06T02:36:16.484Z [ERROR]: Free Fire automation failed {"error":"Player username selector not found - page may not have loaded correctly","requestId":"queue_2","playerId":"TEST123"}
2025-09-06T02:36:47.606Z [ERROR]: Free Fire automation failed {"error":"Player username selector not found - page may not have loaded correctly","requestId":"direct_1757126139632","playerId":"TEST124"}
2025-09-06T02:37:40.915Z [ERROR]: Free Fire automation failed {"error":"Player username selector not found - page may not have loaded correctly","requestId":"direct_1757126236368","playerId":"TEST124"}
2025-09-06T02:38:30.036Z [ERROR]: Free Fire automation failed {"error":"Player username selector not found - page may not have loaded correctly","requestId":"queue_3","playerId":"TEST123"}
2025-09-06T02:39:01.138Z [ERROR]: Free Fire automation failed {"error":"Player username selector not found - page may not have loaded correctly","requestId":"direct_1757126272767","playerId":"TEST124"}
2025-09-06T03:51:11.710Z [ERROR]: Free Fire automation failed {"error":"Waiting for selector `input[placeholder=\"Please enter player ID here\"]` failed","requestId":"queue_5","playerId":"8577081198"}
2025-09-06T04:06:18.595Z [ERROR]: Free Fire automation failed {"error":"Player username selector not found - page may not have loaded correctly","requestId":"queue_1","playerId":"8577081198"}
2025-09-06T22:31:20.789Z [ERROR]: Free Fire automation failed {"error":"Attempted to use detached Frame '9382B7BC80ED63CE12CBCD9C71E3A4C1'.","requestId":"queue_1","playerId":"TEST123"}
2025-09-07T04:13:10.585Z [ERROR]: Uncaught Exception {"error":"automationService is not defined","stack":"ReferenceError: automationService is not defined\n    at Socket.<anonymous> (/app/src/app.js:201:18)\n    at Socket.emit (node:events:519:28)\n    at Socket.emitUntyped (/app/node_modules/socket.io/dist/typed-events.js:69:22)\n    at /app/node_modules/socket.io/dist/socket.js:697:39\n    at process.processTicksAndRejections (node:internal/process/task_queues:85:11)"}
2025-09-07T04:13:14.400Z [ERROR]: Uncaught Exception {"error":"automationService is not defined","stack":"ReferenceError: automationService is not defined\n    at Socket.<anonymous> (/app/src/app.js:201:18)\n    at Socket.emit (node:events:519:28)\n    at Socket.emitUntyped (/app/node_modules/socket.io/dist/typed-events.js:69:22)\n    at /app/node_modules/socket.io/dist/socket.js:697:39\n    at process.processTicksAndRejections (node:internal/process/task_queues:85:11)"}
2025-09-07T04:13:16.478Z [ERROR]: Uncaught Exception {"error":"automationService is not defined","stack":"ReferenceError: automationService is not defined\n    at Socket.<anonymous> (/app/src/app.js:201:18)\n    at Socket.emit (node:events:519:28)\n    at Socket.emitUntyped (/app/node_modules/socket.io/dist/typed-events.js:69:22)\n    at /app/node_modules/socket.io/dist/socket.js:697:39\n    at process.processTicksAndRejections (node:internal/process/task_queues:85:11)"}
2025-09-07T04:16:27.139Z [ERROR]: Uncaught Exception {"error":"automationService is not defined","stack":"ReferenceError: automationService is not defined\n    at Socket.<anonymous> (/app/src/app.js:201:18)\n    at Socket.emit (node:events:519:28)\n    at Socket.emitUntyped (/app/node_modules/socket.io/dist/typed-events.js:69:22)\n    at /app/node_modules/socket.io/dist/socket.js:697:39\n    at process.processTicksAndRejections (node:internal/process/task_queues:85:11)"}
2025-09-07T04:16:38.794Z [ERROR]: Uncaught Exception {"error":"automationService is not defined","stack":"ReferenceError: automationService is not defined\n    at Socket.<anonymous> (/app/src/app.js:201:18)\n    at Socket.emit (node:events:519:28)\n    at Socket.emitUntyped (/app/node_modules/socket.io/dist/typed-events.js:69:22)\n    at /app/node_modules/socket.io/dist/socket.js:697:39\n    at process.processTicksAndRejections (node:internal/process/task_queues:85:11)"}
2025-09-07T04:17:04.544Z [ERROR]: Uncaught Exception {"error":"automationService is not defined","stack":"ReferenceError: automationService is not defined\n    at Socket.<anonymous> (/app/src/app.js:201:18)\n    at Socket.emit (node:events:519:28)\n    at Socket.emitUntyped (/app/node_modules/socket.io/dist/typed-events.js:69:22)\n    at /app/node_modules/socket.io/dist/socket.js:697:39\n    at process.processTicksAndRejections (node:internal/process/task_queues:85:11)"}
2025-09-07T04:17:11.456Z [ERROR]: Uncaught Exception {"error":"automationService is not defined","stack":"ReferenceError: automationService is not defined\n    at Socket.<anonymous> (/app/src/app.js:201:18)\n    at Socket.emit (node:events:519:28)\n    at Socket.emitUntyped (/app/node_modules/socket.io/dist/typed-events.js:69:22)\n    at /app/node_modules/socket.io/dist/socket.js:697:39\n    at process.processTicksAndRejections (node:internal/process/task_queues:85:11)"}
2025-09-07T04:26:20.751Z [ERROR]: Uncaught Exception {"error":"automationService is not defined","stack":"ReferenceError: automationService is not defined\n    at Socket.<anonymous> (/app/src/app.js:201:18)\n    at Socket.emit (node:events:519:28)\n    at Socket.emitUntyped (/app/node_modules/socket.io/dist/typed-events.js:69:22)\n    at /app/node_modules/socket.io/dist/socket.js:697:39\n    at process.processTicksAndRejections (node:internal/process/task_queues:85:11)"}
2025-09-07T04:26:57.229Z [ERROR]: Uncaught Exception {"error":"automationService is not defined","stack":"ReferenceError: automationService is not defined\n    at Socket.<anonymous> (/app/src/app.js:201:18)\n    at Socket.emit (node:events:519:28)\n    at Socket.emitUntyped (/app/node_modules/socket.io/dist/typed-events.js:69:22)\n    at /app/node_modules/socket.io/dist/socket.js:697:39\n    at process.processTicksAndRejections (node:internal/process/task_queues:85:11)"}
2025-09-07T04:27:03.220Z [ERROR]: Uncaught Exception {"error":"automationService is not defined","stack":"ReferenceError: automationService is not defined\n    at Socket.<anonymous> (/app/src/app.js:201:18)\n    at Socket.emit (node:events:519:28)\n    at Socket.emitUntyped (/app/node_modules/socket.io/dist/typed-events.js:69:22)\n    at /app/node_modules/socket.io/dist/socket.js:697:39\n    at process.processTicksAndRejections (node:internal/process/task_queues:85:11)"}
2025-09-07T06:30:55.522Z [ERROR]: Server error {"error":"Expected property name or '}' in JSON at position 1 (line 1 column 2)","stack":"SyntaxError: Expected property name or '}' in JSON at position 1 (line 1 column 2)\n    at JSON.parse (<anonymous>)\n    at parse (/app/node_modules/body-parser/lib/types/json.js:92:19)\n    at /app/node_modules/body-parser/lib/read.js:128:18\n    at AsyncResource.runInAsyncScope (node:async_hooks:214:14)\n    at invokeCallback (/app/node_modules/raw-body/index.js:238:16)\n    at done (/app/node_modules/raw-body/index.js:227:7)\n    at IncomingMessage.onEnd (/app/node_modules/raw-body/index.js:287:7)\n    at IncomingMessage.emit (node:events:519:28)\n    at endReadableNT (node:internal/streams/readable:1698:12)\n    at process.processTicksAndRejections (node:internal/process/task_queues:90:21)"}
2025-09-14T17:37:16.788Z [ERROR]: Free Fire automation failed {"error":"Player username selector not found - page may not have loaded correctly","requestId":"queue_1","playerId":"TEST-PLAYER-456"}
2025-09-14T17:58:06.881Z [ERROR]: Free Fire automation failed {"error":"Player username selector not found - page may not have loaded correctly","requestId":"queue_1","playerId":"TEST-PLAYER-999"}
2025-09-14T20:32:13.624Z [ERROR]: Free Fire automation failed {"error":"Transaction failed: Invalid Serial or PIN","requestId":"queue_2","playerId":"8577081198"}
2025-09-14T20:45:29.027Z [ERROR]: Free Fire automation failed {"error":"Transaction failed: Invalid Serial or PIN","requestId":"queue_3","playerId":"8577081198"}
2025-09-14T21:02:23.975Z [ERROR]: Free Fire automation failed {"error":"Unknown package code: Free Fire UID Top Up BD - Select Your Diamonds ... Set 1","requestId":"queue_1","playerId":"8577081198"}
2025-09-14T21:14:29.892Z [ERROR]: Free Fire automation failed {"error":"Unknown package code: TEST-FF-1581-001-202911","requestId":"queue_2","playerId":"8577081198"}
2025-09-14T21:41:27.508Z [ERROR]: Free Fire automation failed {"error":"Unknown package code: TEST-FF-1581-001-202911","requestId":"queue_3","playerId":"8577081198"}
2025-09-14T23:56:44.665Z [ERROR]: Free Fire automation failed {"error":"Unknown package code: TEST-FF-1581-001-202911","requestId":"queue_4","playerId":"3974978674"}
2025-09-15T00:55:15.041Z [ERROR]: Free Fire automation failed {"error":"Unknown package code: Free Fire UID Top Up BD - Select Your Diamonds ... Set 1","requestId":"queue_5","playerId":"3974978674"}
2025-09-15T01:26:19.713Z [ERROR]: Free Fire automation failed {"error":"Transaction failed: Invalid Serial or PIN","requestId":"queue_6","playerId":"3974978674"}
2025-09-15T01:33:18.737Z [ERROR]: Free Fire automation failed {"error":"Player username selector not found - page may not have loaded correctly","requestId":"queue_7","playerId":"TEST_PLAYER_1757899959"}
2025-09-15T01:34:00.836Z [ERROR]: Free Fire automation failed {"error":"Player username selector not found - page may not have loaded correctly","requestId":"queue_8","playerId":"TEST_PLAYER_1757899959"}
2025-09-15T01:34:42.450Z [ERROR]: Free Fire automation failed {"error":"Player username selector not found - page may not have loaded correctly","requestId":"queue_9","playerId":"TEST_PLAYER_1757899959"}
2025-09-15T08:29:10.318Z [ERROR]: Free Fire automation failed {"error":"Transaction failed: Invalid Serial or PIN","requestId":"queue_10","playerId":"3974978674"}
2025-09-15T08:30:03.823Z [ERROR]: Free Fire automation failed {"error":"Transaction failed: Invalid Serial or PIN","requestId":"queue_11","playerId":"3974978674"}
2025-09-15T08:30:30.507Z [ERROR]: Free Fire automation failed {"error":"Transaction failed: Invalid Serial or PIN","requestId":"queue_12","playerId":"3974978674"}
2025-09-15T08:43:10.446Z [ERROR]: Free Fire automation failed {"error":"Transaction failed: Invalid Serial or PIN","requestId":"queue_13","playerId":"3974978674"}
2025-09-15T08:43:36.652Z [ERROR]: Free Fire automation failed {"error":"Transaction failed: Invalid Serial or PIN","requestId":"queue_14","playerId":"3974978674"}
2025-09-15T08:44:03.762Z [ERROR]: Free Fire automation failed {"error":"Transaction failed: Invalid Serial or PIN","requestId":"queue_15","playerId":"3974978674"}
2025-09-15T08:55:14.904Z [ERROR]: Free Fire automation failed {"error":"Player username selector not found - page may not have loaded correctly","requestId":"queue_16","playerId":"TEST_WEBHOOK_PLAYER_1757926474"}
2025-09-15T08:55:58.315Z [ERROR]: Free Fire automation failed {"error":"Player username selector not found - page may not have loaded correctly","requestId":"queue_17","playerId":"TEST_WEBHOOK_PLAYER_1757926474"}
2025-09-15T08:56:42.053Z [ERROR]: Free Fire automation failed {"error":"Player username selector not found - page may not have loaded correctly","requestId":"queue_18","playerId":"TEST_WEBHOOK_PLAYER_1757926474"}
2025-09-15T09:03:32.974Z [ERROR]: Free Fire automation failed {"error":"Transaction failed: Invalid Serial or PIN","requestId":"queue_19","playerId":"3974978674"}
2025-09-15T09:04:24.636Z [ERROR]: Free Fire automation failed {"error":"Transaction failed: Invalid Serial or PIN","requestId":"queue_20","playerId":"3974978674"}
2025-09-15T09:04:47.119Z [ERROR]: Free Fire automation failed {"error":"Transaction failed: Invalid Serial or PIN","requestId":"queue_21","playerId":"3974978674"}
2025-09-15T09:56:18.027Z [ERROR]: Free Fire automation failed {"error":"Transaction failed: Invalid Serial or PIN","requestId":"queue_22","playerId":"3974978674"}
2025-09-15T14:13:13.332Z [ERROR]: Free Fire automation failed {"error":"Transaction failed: Invalid Serial or PIN","requestId":"queue_23","playerId":"3974978674"}
2025-09-15T14:13:38.625Z [ERROR]: Free Fire automation failed {"error":"Transaction failed: Invalid Serial or PIN","requestId":"queue_24","playerId":"3974978674"}
2025-09-15T14:14:31.906Z [ERROR]: Free Fire automation failed {"error":"Transaction failed: Invalid Serial or PIN","requestId":"queue_25","playerId":"3974978674"}
2025-09-15T14:56:17.494Z [ERROR]: Uncaught Exception {"error":"automationService is not defined","stack":"ReferenceError: automationService is not defined\n    at Socket.<anonymous> (/app/src/app.js:213:18)\n    at Socket.emit (node:events:519:28)\n    at Socket.emitUntyped (/app/node_modules/socket.io/dist/typed-events.js:69:22)\n    at /app/node_modules/socket.io/dist/socket.js:697:39\n    at process.processTicksAndRejections (node:internal/process/task_queues:85:11)"}
2025-09-15T14:56:53.683Z [ERROR]: Uncaught Exception {"error":"automationService is not defined","stack":"ReferenceError: automationService is not defined\n    at Socket.<anonymous> (/app/src/app.js:213:18)\n    at Socket.emit (node:events:519:28)\n    at Socket.emitUntyped (/app/node_modules/socket.io/dist/typed-events.js:69:22)\n    at /app/node_modules/socket.io/dist/socket.js:697:39\n    at process.processTicksAndRejections (node:internal/process/task_queues:85:11)"}
2025-09-15T14:57:08.583Z [ERROR]: Uncaught Exception {"error":"automationService is not defined","stack":"ReferenceError: automationService is not defined\n    at Socket.<anonymous> (/app/src/app.js:213:18)\n    at Socket.emit (node:events:519:28)\n    at Socket.emitUntyped (/app/node_modules/socket.io/dist/typed-events.js:69:22)\n    at /app/node_modules/socket.io/dist/socket.js:697:39\n    at process.processTicksAndRejections (node:internal/process/task_queues:85:11)"}
2025-09-15T15:15:29.665Z [ERROR]: Uncaught Exception {"error":"automationService is not defined","stack":"ReferenceError: automationService is not defined\n    at Socket.<anonymous> (/app/src/app.js:213:18)\n    at Socket.emit (node:events:519:28)\n    at Socket.emitUntyped (/app/node_modules/socket.io/dist/typed-events.js:69:22)\n    at /app/node_modules/socket.io/dist/socket.js:697:39\n    at process.processTicksAndRejections (node:internal/process/task_queues:85:11)"}
2025-09-15T15:16:49.772Z [ERROR]: Uncaught Exception {"error":"automationService is not defined","stack":"ReferenceError: automationService is not defined\n    at Socket.<anonymous> (/app/src/app.js:213:18)\n    at Socket.emit (node:events:519:28)\n    at Socket.emitUntyped (/app/node_modules/socket.io/dist/typed-events.js:69:22)\n    at /app/node_modules/socket.io/dist/socket.js:697:39\n    at process.processTicksAndRejections (node:internal/process/task_queues:85:11)"}
2025-09-15T15:17:03.057Z [ERROR]: Uncaught Exception {"error":"automationService is not defined","stack":"ReferenceError: automationService is not defined\n    at Socket.<anonymous> (/app/src/app.js:213:18)\n    at Socket.emit (node:events:519:28)\n    at Socket.emitUntyped (/app/node_modules/socket.io/dist/typed-events.js:69:22)\n    at /app/node_modules/socket.io/dist/socket.js:697:39\n    at process.processTicksAndRejections (node:internal/process/task_queues:85:11)"}
2025-09-15T15:28:19.208Z [ERROR]: Uncaught Exception {"error":"automationService is not defined","stack":"ReferenceError: automationService is not defined\n    at Socket.<anonymous> (/app/src/app.js:213:18)\n    at Socket.emit (node:events:519:28)\n    at Socket.emitUntyped (/app/node_modules/socket.io/dist/typed-events.js:69:22)\n    at /app/node_modules/socket.io/dist/socket.js:697:39\n    at process.processTicksAndRejections (node:internal/process/task_queues:85:11)"}
2025-09-15T15:28:50.645Z [ERROR]: Uncaught Exception {"error":"automationService is not defined","stack":"ReferenceError: automationService is not defined\n    at Socket.<anonymous> (/app/src/app.js:213:18)\n    at Socket.emit (node:events:519:28)\n    at Socket.emitUntyped (/app/node_modules/socket.io/dist/typed-events.js:69:22)\n    at /app/node_modules/socket.io/dist/socket.js:697:39\n    at process.processTicksAndRejections (node:internal/process/task_queues:85:11)"}
2025-09-15T15:36:03.841Z [ERROR]: Uncaught Exception {"error":"automationService is not defined","stack":"ReferenceError: automationService is not defined\n    at Socket.<anonymous> (/app/src/app.js:213:18)\n    at Socket.emit (node:events:519:28)\n    at Socket.emitUntyped (/app/node_modules/socket.io/dist/typed-events.js:69:22)\n    at /app/node_modules/socket.io/dist/socket.js:697:39\n    at process.processTicksAndRejections (node:internal/process/task_queues:85:11)"}
2025-09-15T15:36:36.838Z [ERROR]: Uncaught Exception {"error":"automationService is not defined","stack":"ReferenceError: automationService is not defined\n    at Socket.<anonymous> (/app/src/app.js:213:18)\n    at Socket.emit (node:events:519:28)\n    at Socket.emitUntyped (/app/node_modules/socket.io/dist/typed-events.js:69:22)\n    at /app/node_modules/socket.io/dist/socket.js:697:39\n    at process.processTicksAndRejections (node:internal/process/task_queues:85:11)"}
2025-09-15T15:37:10.748Z [ERROR]: Uncaught Exception {"error":"automationService is not defined","stack":"ReferenceError: automationService is not defined\n    at Socket.<anonymous> (/app/src/app.js:213:18)\n    at Socket.emit (node:events:519:28)\n    at Socket.emitUntyped (/app/node_modules/socket.io/dist/typed-events.js:69:22)\n    at /app/node_modules/socket.io/dist/socket.js:697:39\n    at process.processTicksAndRejections (node:internal/process/task_queues:85:11)"}
2025-09-15T15:37:43.777Z [ERROR]: Uncaught Exception {"error":"automationService is not defined","stack":"ReferenceError: automationService is not defined\n    at Socket.<anonymous> (/app/src/app.js:213:18)\n    at Socket.emit (node:events:519:28)\n    at Socket.emitUntyped (/app/node_modules/socket.io/dist/typed-events.js:69:22)\n    at /app/node_modules/socket.io/dist/socket.js:697:39\n    at process.processTicksAndRejections (node:internal/process/task_queues:85:11)"}
2025-09-15T15:38:17.787Z [ERROR]: Uncaught Exception {"error":"automationService is not defined","stack":"ReferenceError: automationService is not defined\n    at Socket.<anonymous> (/app/src/app.js:213:18)\n    at Socket.emit (node:events:519:28)\n    at Socket.emitUntyped (/app/node_modules/socket.io/dist/typed-events.js:69:22)\n    at /app/node_modules/socket.io/dist/socket.js:697:39\n    at process.processTicksAndRejections (node:internal/process/task_queues:85:11)"}
2025-09-15T15:38:51.791Z [ERROR]: Uncaught Exception {"error":"automationService is not defined","stack":"ReferenceError: automationService is not defined\n    at Socket.<anonymous> (/app/src/app.js:213:18)\n    at Socket.emit (node:events:519:28)\n    at Socket.emitUntyped (/app/node_modules/socket.io/dist/typed-events.js:69:22)\n    at /app/node_modules/socket.io/dist/socket.js:697:39\n    at process.processTicksAndRejections (node:internal/process/task_queues:85:11)"}
2025-09-15T15:39:25.750Z [ERROR]: Uncaught Exception {"error":"automationService is not defined","stack":"ReferenceError: automationService is not defined\n    at Socket.<anonymous> (/app/src/app.js:213:18)\n    at Socket.emit (node:events:519:28)\n    at Socket.emitUntyped (/app/node_modules/socket.io/dist/typed-events.js:69:22)\n    at /app/node_modules/socket.io/dist/socket.js:697:39\n    at process.processTicksAndRejections (node:internal/process/task_queues:85:11)"}
2025-09-15T15:39:58.709Z [ERROR]: Uncaught Exception {"error":"automationService is not defined","stack":"ReferenceError: automationService is not defined\n    at Socket.<anonymous> (/app/src/app.js:213:18)\n    at Socket.emit (node:events:519:28)\n    at Socket.emitUntyped (/app/node_modules/socket.io/dist/typed-events.js:69:22)\n    at /app/node_modules/socket.io/dist/socket.js:697:39\n    at process.processTicksAndRejections (node:internal/process/task_queues:85:11)"}
2025-09-15T15:40:22.477Z [ERROR]: Uncaught Exception {"error":"automationService is not defined","stack":"ReferenceError: automationService is not defined\n    at Socket.<anonymous> (/app/src/app.js:213:18)\n    at Socket.emit (node:events:519:28)\n    at Socket.emitUntyped (/app/node_modules/socket.io/dist/typed-events.js:69:22)\n    at /app/node_modules/socket.io/dist/socket.js:697:39\n    at process.processTicksAndRejections (node:internal/process/task_queues:85:11)"}
2025-09-15T15:41:12.753Z [ERROR]: Uncaught Exception {"error":"automationService is not defined","stack":"ReferenceError: automationService is not defined\n    at Socket.<anonymous> (/app/src/app.js:213:18)\n    at Socket.emit (node:events:519:28)\n    at Socket.emitUntyped (/app/node_modules/socket.io/dist/typed-events.js:69:22)\n    at /app/node_modules/socket.io/dist/socket.js:697:39\n    at process.processTicksAndRejections (node:internal/process/task_queues:85:11)"}
2025-09-15T15:41:46.761Z [ERROR]: Uncaught Exception {"error":"automationService is not defined","stack":"ReferenceError: automationService is not defined\n    at Socket.<anonymous> (/app/src/app.js:213:18)\n    at Socket.emit (node:events:519:28)\n    at Socket.emitUntyped (/app/node_modules/socket.io/dist/typed-events.js:69:22)\n    at /app/node_modules/socket.io/dist/socket.js:697:39\n    at process.processTicksAndRejections (node:internal/process/task_queues:85:11)"}
2025-09-15T15:42:20.749Z [ERROR]: Uncaught Exception {"error":"automationService is not defined","stack":"ReferenceError: automationService is not defined\n    at Socket.<anonymous> (/app/src/app.js:213:18)\n    at Socket.emit (node:events:519:28)\n    at Socket.emitUntyped (/app/node_modules/socket.io/dist/typed-events.js:69:22)\n    at /app/node_modules/socket.io/dist/socket.js:697:39\n    at process.processTicksAndRejections (node:internal/process/task_queues:85:11)"}
2025-09-15T15:42:53.714Z [ERROR]: Uncaught Exception {"error":"automationService is not defined","stack":"ReferenceError: automationService is not defined\n    at Socket.<anonymous> (/app/src/app.js:213:18)\n    at Socket.emit (node:events:519:28)\n    at Socket.emitUntyped (/app/node_modules/socket.io/dist/typed-events.js:69:22)\n    at /app/node_modules/socket.io/dist/socket.js:697:39\n    at process.processTicksAndRejections (node:internal/process/task_queues:85:11)"}
2025-09-15T15:43:26.723Z [ERROR]: Uncaught Exception {"error":"automationService is not defined","stack":"ReferenceError: automationService is not defined\n    at Socket.<anonymous> (/app/src/app.js:213:18)\n    at Socket.emit (node:events:519:28)\n    at Socket.emitUntyped (/app/node_modules/socket.io/dist/typed-events.js:69:22)\n    at /app/node_modules/socket.io/dist/socket.js:697:39\n    at process.processTicksAndRejections (node:internal/process/task_queues:85:11)"}
2025-09-15T15:43:59.746Z [ERROR]: Uncaught Exception {"error":"automationService is not defined","stack":"ReferenceError: automationService is not defined\n    at Socket.<anonymous> (/app/src/app.js:213:18)\n    at Socket.emit (node:events:519:28)\n    at Socket.emitUntyped (/app/node_modules/socket.io/dist/typed-events.js:69:22)\n    at /app/node_modules/socket.io/dist/socket.js:697:39\n    at process.processTicksAndRejections (node:internal/process/task_queues:85:11)"}
2025-09-15T15:44:33.782Z [ERROR]: Uncaught Exception {"error":"automationService is not defined","stack":"ReferenceError: automationService is not defined\n    at Socket.<anonymous> (/app/src/app.js:213:18)\n    at Socket.emit (node:events:519:28)\n    at Socket.emitUntyped (/app/node_modules/socket.io/dist/typed-events.js:69:22)\n    at /app/node_modules/socket.io/dist/socket.js:697:39\n    at process.processTicksAndRejections (node:internal/process/task_queues:85:11)"}
2025-09-15T15:45:07.756Z [ERROR]: Uncaught Exception {"error":"automationService is not defined","stack":"ReferenceError: automationService is not defined\n    at Socket.<anonymous> (/app/src/app.js:213:18)\n    at Socket.emit (node:events:519:28)\n    at Socket.emitUntyped (/app/node_modules/socket.io/dist/typed-events.js:69:22)\n    at /app/node_modules/socket.io/dist/socket.js:697:39\n    at process.processTicksAndRejections (node:internal/process/task_queues:85:11)"}
2025-09-15T15:45:40.709Z [ERROR]: Uncaught Exception {"error":"automationService is not defined","stack":"ReferenceError: automationService is not defined\n    at Socket.<anonymous> (/app/src/app.js:213:18)\n    at Socket.emit (node:events:519:28)\n    at Socket.emitUntyped (/app/node_modules/socket.io/dist/typed-events.js:69:22)\n    at /app/node_modules/socket.io/dist/socket.js:697:39\n    at process.processTicksAndRejections (node:internal/process/task_queues:85:11)"}
2025-09-15T15:46:15.591Z [ERROR]: Uncaught Exception {"error":"automationService is not defined","stack":"ReferenceError: automationService is not defined\n    at Socket.<anonymous> (/app/src/app.js:213:18)\n    at Socket.emit (node:events:519:28)\n    at Socket.emitUntyped (/app/node_modules/socket.io/dist/typed-events.js:69:22)\n    at /app/node_modules/socket.io/dist/socket.js:697:39\n    at process.processTicksAndRejections (node:internal/process/task_queues:85:11)"}
2025-09-15T15:50:31.140Z [ERROR]: Uncaught Exception {"error":"automationService is not defined","stack":"ReferenceError: automationService is not defined\n    at Socket.<anonymous> (/app/src/app.js:213:18)\n    at Socket.emit (node:events:519:28)\n    at Socket.emitUntyped (/app/node_modules/socket.io/dist/typed-events.js:69:22)\n    at /app/node_modules/socket.io/dist/socket.js:697:39\n    at process.processTicksAndRejections (node:internal/process/task_queues:85:11)"}
2025-09-15T15:54:26.610Z [ERROR]: Uncaught Exception {"error":"automationService is not defined","stack":"ReferenceError: automationService is not defined\n    at Socket.<anonymous> (/app/src/app.js:213:18)\n    at Socket.emit (node:events:519:28)\n    at Socket.emitUntyped (/app/node_modules/socket.io/dist/typed-events.js:69:22)\n    at /app/node_modules/socket.io/dist/socket.js:697:39\n    at process.processTicksAndRejections (node:internal/process/task_queues:85:11)"}
2025-09-15T15:54:42.055Z [ERROR]: Uncaught Exception {"error":"automationService is not defined","stack":"ReferenceError: automationService is not defined\n    at Socket.<anonymous> (/app/src/app.js:213:18)\n    at Socket.emit (node:events:519:28)\n    at Socket.emitUntyped (/app/node_modules/socket.io/dist/typed-events.js:69:22)\n    at /app/node_modules/socket.io/dist/socket.js:697:39\n    at process.processTicksAndRejections (node:internal/process/task_queues:85:11)"}
2025-09-15T15:54:59.626Z [ERROR]: Uncaught Exception {"error":"automationService is not defined","stack":"ReferenceError: automationService is not defined\n    at Socket.<anonymous> (/app/src/app.js:213:18)\n    at Socket.emit (node:events:519:28)\n    at Socket.emitUntyped (/app/node_modules/socket.io/dist/typed-events.js:69:22)\n    at /app/node_modules/socket.io/dist/socket.js:697:39\n    at process.processTicksAndRejections (node:internal/process/task_queues:85:11)"}
2025-09-15T16:42:27.480Z [ERROR]: Uncaught Exception {"error":"automationService is not defined","stack":"ReferenceError: automationService is not defined\n    at Socket.<anonymous> (/app/src/app.js:213:18)\n    at Socket.emit (node:events:519:28)\n    at Socket.emitUntyped (/app/node_modules/socket.io/dist/typed-events.js:69:22)\n    at /app/node_modules/socket.io/dist/socket.js:697:39\n    at process.processTicksAndRejections (node:internal/process/task_queues:85:11)"}
2025-09-15T16:42:51.265Z [ERROR]: Uncaught Exception {"error":"automationService is not defined","stack":"ReferenceError: automationService is not defined\n    at Socket.<anonymous> (/app/src/app.js:213:18)\n    at Socket.emit (node:events:519:28)\n    at Socket.emitUntyped (/app/node_modules/socket.io/dist/typed-events.js:69:22)\n    at /app/node_modules/socket.io/dist/socket.js:697:39\n    at process.processTicksAndRejections (node:internal/process/task_queues:85:11)"}
2025-09-15T16:42:58.372Z [ERROR]: Uncaught Exception {"error":"automationService is not defined","stack":"ReferenceError: automationService is not defined\n    at Socket.<anonymous> (/app/src/app.js:213:18)\n    at Socket.emit (node:events:519:28)\n    at Socket.emitUntyped (/app/node_modules/socket.io/dist/typed-events.js:69:22)\n    at /app/node_modules/socket.io/dist/socket.js:697:39\n    at process.processTicksAndRejections (node:internal/process/task_queues:85:11)"}
2025-09-15T16:46:52.621Z [ERROR]: Uncaught Exception {"error":"automationService is not defined","stack":"ReferenceError: automationService is not defined\n    at Socket.<anonymous> (/app/src/app.js:213:18)\n    at Socket.emit (node:events:519:28)\n    at Socket.emitUntyped (/app/node_modules/socket.io/dist/typed-events.js:69:22)\n    at /app/node_modules/socket.io/dist/socket.js:697:39\n    at process.processTicksAndRejections (node:internal/process/task_queues:85:11)"}
2025-09-15T16:54:02.407Z [ERROR]: Uncaught Exception {"error":"automationService is not defined","stack":"ReferenceError: automationService is not defined\n    at Socket.<anonymous> (/app/src/app.js:213:18)\n    at Socket.emit (node:events:519:28)\n    at Socket.emitUntyped (/app/node_modules/socket.io/dist/typed-events.js:69:22)\n    at /app/node_modules/socket.io/dist/socket.js:697:39\n    at process.processTicksAndRejections (node:internal/process/task_queues:85:11)"}
2025-09-15T16:56:17.774Z [ERROR]: Uncaught Exception {"error":"automationService is not defined","stack":"ReferenceError: automationService is not defined\n    at Socket.<anonymous> (/app/src/app.js:213:18)\n    at Socket.emit (node:events:519:28)\n    at Socket.emitUntyped (/app/node_modules/socket.io/dist/typed-events.js:69:22)\n    at /app/node_modules/socket.io/dist/socket.js:697:39\n    at process.processTicksAndRejections (node:internal/process/task_queues:85:11)"}
2025-09-15T16:56:33.738Z [ERROR]: Uncaught Exception {"error":"automationService is not defined","stack":"ReferenceError: automationService is not defined\n    at Socket.<anonymous> (/app/src/app.js:213:18)\n    at Socket.emit (node:events:519:28)\n    at Socket.emitUntyped (/app/node_modules/socket.io/dist/typed-events.js:69:22)\n    at /app/node_modules/socket.io/dist/socket.js:697:39\n    at process.processTicksAndRejections (node:internal/process/task_queues:85:11)"}
2025-09-15T17:13:29.026Z [ERROR]: Cannot connect to visual Chrome {"error":"connect ECONNREFUSED 172.18.0.2:9223"}
2025-09-15T17:13:29.029Z [ERROR]: Free Fire automation failed {"error":"Chrome connection failed: connect ECONNREFUSED 172.18.0.2:9223. \n\n VISUAL BROWSER AVAILABLE: http://localhost:4100/\nYou can manually use the browser while we work on the connection issue.\n\nThis is a technical limitation where Chrome's debugging port doesn't allow \nexternal connections for security reasons.","requestId":"queue_1","playerId":"3974978674"}
2025-09-15T17:13:34.214Z [ERROR]: Cannot connect to visual Chrome {"error":"connect ECONNREFUSED 172.18.0.2:9223"}
2025-09-15T17:13:34.216Z [ERROR]: Free Fire automation failed {"error":"Chrome connection failed: connect ECONNREFUSED 172.18.0.2:9223. \n\n VISUAL BROWSER AVAILABLE: http://localhost:4100/\nYou can manually use the browser while we work on the connection issue.\n\nThis is a technical limitation where Chrome's debugging port doesn't allow \nexternal connections for security reasons.","requestId":"queue_2","playerId":"3974978674"}
2025-09-15T17:13:39.362Z [ERROR]: Cannot connect to visual Chrome {"error":"connect ECONNREFUSED 172.18.0.2:9223"}
2025-09-15T17:13:39.366Z [ERROR]: Free Fire automation failed {"error":"Chrome connection failed: connect ECONNREFUSED 172.18.0.2:9223. \n\n VISUAL BROWSER AVAILABLE: http://localhost:4100/\nYou can manually use the browser while we work on the connection issue.\n\nThis is a technical limitation where Chrome's debugging port doesn't allow \nexternal connections for security reasons.","requestId":"queue_3","playerId":"3974978674"}
2025-09-15T17:13:58.792Z [ERROR]: Uncaught Exception {"error":"automationService is not defined","stack":"ReferenceError: automationService is not defined\n    at Socket.<anonymous> (/app/src/app.js:213:18)\n    at Socket.emit (node:events:519:28)\n    at Socket.emitUntyped (/app/node_modules/socket.io/dist/typed-events.js:69:22)\n    at /app/node_modules/socket.io/dist/socket.js:697:39\n    at process.processTicksAndRejections (node:internal/process/task_queues:85:11)"}
2025-09-15T17:15:11.753Z [ERROR]: Uncaught Exception {"error":"automationService is not defined","stack":"ReferenceError: automationService is not defined\n    at Socket.<anonymous> (/app/src/app.js:213:18)\n    at Socket.emit (node:events:519:28)\n    at Socket.emitUntyped (/app/node_modules/socket.io/dist/typed-events.js:69:22)\n    at /app/node_modules/socket.io/dist/socket.js:697:39\n    at process.processTicksAndRejections (node:internal/process/task_queues:85:11)"}
2025-09-15T17:17:46.213Z [ERROR]: Uncaught Exception {"error":"automationService is not defined","stack":"ReferenceError: automationService is not defined\n    at Socket.<anonymous> (/app/src/app.js:213:18)\n    at Socket.emit (node:events:519:28)\n    at Socket.emitUntyped (/app/node_modules/socket.io/dist/typed-events.js:69:22)\n    at /app/node_modules/socket.io/dist/socket.js:697:39\n    at process.processTicksAndRejections (node:internal/process/task_queues:85:11)"}
2025-09-15T17:18:23.222Z [ERROR]: Free Fire automation failed {"error":"Transaction failed: Invalid Serial or PIN","requestId":"queue_1","playerId":"3974978674"}
2025-09-15T17:19:15.070Z [ERROR]: Free Fire automation failed {"error":"Transaction failed: Invalid Serial or PIN","requestId":"queue_2","playerId":"3974978674"}
2025-09-15T17:19:39.869Z [ERROR]: Free Fire automation failed {"error":"Transaction failed: Invalid Serial or PIN","requestId":"queue_3","playerId":"3974978674"}
2025-09-15T17:34:54.456Z [ERROR]: Uncaught Exception {"error":"automationService is not defined","stack":"ReferenceError: automationService is not defined\n    at Socket.<anonymous> (/app/src/app.js:213:18)\n    at Socket.emit (node:events:519:28)\n    at Socket.emitUntyped (/app/node_modules/socket.io/dist/typed-events.js:69:22)\n    at /app/node_modules/socket.io/dist/socket.js:697:39\n    at process.processTicksAndRejections (node:internal/process/task_queues:85:11)"}
2025-09-15T17:35:26.897Z [ERROR]: Uncaught Exception {"error":"automationService is not defined","stack":"ReferenceError: automationService is not defined\n    at Socket.<anonymous> (/app/src/app.js:213:18)\n    at Socket.emit (node:events:519:28)\n    at Socket.emitUntyped (/app/node_modules/socket.io/dist/typed-events.js:69:22)\n    at /app/node_modules/socket.io/dist/socket.js:697:39\n    at process.processTicksAndRejections (node:internal/process/task_queues:85:11)"}
2025-09-15T17:35:54.128Z [ERROR]: Uncaught Exception {"error":"automationService is not defined","stack":"ReferenceError: automationService is not defined\n    at Socket.<anonymous> (/app/src/app.js:213:18)\n    at Socket.emit (node:events:519:28)\n    at Socket.emitUntyped (/app/node_modules/socket.io/dist/typed-events.js:69:22)\n    at /app/node_modules/socket.io/dist/socket.js:697:39\n    at process.processTicksAndRejections (node:internal/process/task_queues:85:11)"}
2025-09-15T17:36:18.399Z [ERROR]: Uncaught Exception {"error":"automationService is not defined","stack":"ReferenceError: automationService is not defined\n    at Socket.<anonymous> (/app/src/app.js:213:18)\n    at Socket.emit (node:events:519:28)\n    at Socket.emitUntyped (/app/node_modules/socket.io/dist/typed-events.js:69:22)\n    at /app/node_modules/socket.io/dist/socket.js:697:39\n    at process.processTicksAndRejections (node:internal/process/task_queues:85:11)"}
2025-09-15T17:36:26.269Z [ERROR]: Free Fire automation failed {"error":"Attempted to use detached Frame '9B0E4049B47F6D1E32FEEBE4AD1746D1'.","requestId":"queue_4","playerId":"3974978674"}
2025-09-15T17:36:31.333Z [ERROR]: Uncaught Exception {"error":"automationService is not defined","stack":"ReferenceError: automationService is not defined\n    at Socket.<anonymous> (/app/src/app.js:213:18)\n    at Socket.emit (node:events:519:28)\n    at Socket.emitUntyped (/app/node_modules/socket.io/dist/typed-events.js:69:22)\n    at /app/node_modules/socket.io/dist/socket.js:697:39\n    at process.processTicksAndRejections (node:internal/process/task_queues:85:11)"}
2025-09-15T17:36:40.768Z [ERROR]: Uncaught Exception {"error":"automationService is not defined","stack":"ReferenceError: automationService is not defined\n    at Socket.<anonymous> (/app/src/app.js:213:18)\n    at Socket.emit (node:events:519:28)\n    at Socket.emitUntyped (/app/node_modules/socket.io/dist/typed-events.js:69:22)\n    at /app/node_modules/socket.io/dist/socket.js:697:39\n    at process.processTicksAndRejections (node:internal/process/task_queues:85:11)"}
2025-09-15T17:36:52.011Z [ERROR]: Free Fire automation failed {"error":"Waiting for selector `input[placeholder=\"Please enter player ID here\"]` failed","requestId":"queue_5","playerId":"3974978674"}
2025-09-15T17:36:53.991Z [ERROR]: Uncaught Exception {"error":"automationService is not defined","stack":"ReferenceError: automationService is not defined\n    at Socket.<anonymous> (/app/src/app.js:213:18)\n    at Socket.emit (node:events:519:28)\n    at Socket.emitUntyped (/app/node_modules/socket.io/dist/typed-events.js:69:22)\n    at /app/node_modules/socket.io/dist/socket.js:697:39\n    at process.processTicksAndRejections (node:internal/process/task_queues:85:11)"}
2025-09-15T17:37:10.665Z [ERROR]: Uncaught Exception {"error":"automationService is not defined","stack":"ReferenceError: automationService is not defined\n    at Socket.<anonymous> (/app/src/app.js:213:18)\n    at Socket.emit (node:events:519:28)\n    at Socket.emitUntyped (/app/node_modules/socket.io/dist/typed-events.js:69:22)\n    at /app/node_modules/socket.io/dist/socket.js:697:39\n    at process.processTicksAndRejections (node:internal/process/task_queues:85:11)"}
2025-09-15T17:37:23.775Z [ERROR]: Uncaught Exception {"error":"automationService is not defined","stack":"ReferenceError: automationService is not defined\n    at Socket.<anonymous> (/app/src/app.js:213:18)\n    at Socket.emit (node:events:519:28)\n    at Socket.emitUntyped (/app/node_modules/socket.io/dist/typed-events.js:69:22)\n    at /app/node_modules/socket.io/dist/socket.js:697:39\n    at process.processTicksAndRejections (node:internal/process/task_queues:85:11)"}
2025-09-15T17:37:40.309Z [ERROR]: Uncaught Exception {"error":"automationService is not defined","stack":"ReferenceError: automationService is not defined\n    at Socket.<anonymous> (/app/src/app.js:213:18)\n    at Socket.emit (node:events:519:28)\n    at Socket.emitUntyped (/app/node_modules/socket.io/dist/typed-events.js:69:22)\n    at /app/node_modules/socket.io/dist/socket.js:697:39\n    at process.processTicksAndRejections (node:internal/process/task_queues:85:11)"}
2025-09-15T17:37:45.758Z [ERROR]: Free Fire automation failed {"error":"Transaction failed: Invalid Serial or PIN","requestId":"queue_6","playerId":"3974978674"}
2025-09-15T17:38:02.803Z [ERROR]: Uncaught Exception {"error":"automationService is not defined","stack":"ReferenceError: automationService is not defined\n    at Socket.<anonymous> (/app/src/app.js:213:18)\n    at Socket.emit (node:events:519:28)\n    at Socket.emitUntyped (/app/node_modules/socket.io/dist/typed-events.js:69:22)\n    at /app/node_modules/socket.io/dist/socket.js:697:39\n    at process.processTicksAndRejections (node:internal/process/task_queues:85:11)"}
2025-09-15T17:38:38.698Z [ERROR]: Uncaught Exception {"error":"automationService is not defined","stack":"ReferenceError: automationService is not defined\n    at Socket.<anonymous> (/app/src/app.js:213:18)\n    at Socket.emit (node:events:519:28)\n    at Socket.emitUntyped (/app/node_modules/socket.io/dist/typed-events.js:69:22)\n    at /app/node_modules/socket.io/dist/socket.js:697:39\n    at process.processTicksAndRejections (node:internal/process/task_queues:85:11)"}
2025-09-15T17:52:28.565Z [ERROR]: Uncaught Exception {"error":"automationService is not defined","stack":"ReferenceError: automationService is not defined\n    at Socket.<anonymous> (/app/src/app.js:213:18)\n    at Socket.emit (node:events:519:28)\n    at Socket.emitUntyped (/app/node_modules/socket.io/dist/typed-events.js:69:22)\n    at /app/node_modules/socket.io/dist/socket.js:697:39\n    at process.processTicksAndRejections (node:internal/process/task_queues:85:11)"}
2025-09-15T17:53:22.020Z [ERROR]: Free Fire automation failed {"error":"Transaction failed: Invalid Serial or PIN","requestId":"queue_1","playerId":"3974978674"}
2025-09-15T17:53:30.053Z [ERROR]: Uncaught Exception {"error":"automationService is not defined","stack":"ReferenceError: automationService is not defined\n    at Socket.<anonymous> (/app/src/app.js:213:18)\n    at Socket.emit (node:events:519:28)\n    at Socket.emitUntyped (/app/node_modules/socket.io/dist/typed-events.js:69:22)\n    at /app/node_modules/socket.io/dist/socket.js:697:39\n    at process.processTicksAndRejections (node:internal/process/task_queues:85:11)"}
2025-09-15T17:53:40.205Z [ERROR]: Uncaught Exception {"error":"automationService is not defined","stack":"ReferenceError: automationService is not defined\n    at Socket.<anonymous> (/app/src/app.js:213:18)\n    at Socket.emit (node:events:519:28)\n    at Socket.emitUntyped (/app/node_modules/socket.io/dist/typed-events.js:69:22)\n    at /app/node_modules/socket.io/dist/socket.js:697:39\n    at process.processTicksAndRejections (node:internal/process/task_queues:85:11)"}
2025-09-15T17:53:47.105Z [ERROR]: Free Fire automation failed {"error":"Transaction failed: Invalid Serial or PIN","requestId":"queue_2","playerId":"3974978674"}
2025-09-15T17:54:00.014Z [ERROR]: Uncaught Exception {"error":"automationService is not defined","stack":"ReferenceError: automationService is not defined\n    at Socket.<anonymous> (/app/src/app.js:213:18)\n    at Socket.emit (node:events:519:28)\n    at Socket.emitUntyped (/app/node_modules/socket.io/dist/typed-events.js:69:22)\n    at /app/node_modules/socket.io/dist/socket.js:697:39\n    at process.processTicksAndRejections (node:internal/process/task_queues:85:11)"}
2025-09-15T17:54:13.066Z [ERROR]: Free Fire automation failed {"error":"Transaction failed: Invalid Serial or PIN","requestId":"queue_3","playerId":"3974978674"}
2025-09-15T17:54:23.734Z [ERROR]: Uncaught Exception {"error":"automationService is not defined","stack":"ReferenceError: automationService is not defined\n    at Socket.<anonymous> (/app/src/app.js:213:18)\n    at Socket.emit (node:events:519:28)\n    at Socket.emitUntyped (/app/node_modules/socket.io/dist/typed-events.js:69:22)\n    at /app/node_modules/socket.io/dist/socket.js:697:39\n    at process.processTicksAndRejections (node:internal/process/task_queues:85:11)"}
2025-09-15T17:54:38.610Z [ERROR]: Uncaught Exception {"error":"automationService is not defined","stack":"ReferenceError: automationService is not defined\n    at Socket.<anonymous> (/app/src/app.js:213:18)\n    at Socket.emit (node:events:519:28)\n    at Socket.emitUntyped (/app/node_modules/socket.io/dist/typed-events.js:69:22)\n    at /app/node_modules/socket.io/dist/socket.js:697:39\n    at process.processTicksAndRejections (node:internal/process/task_queues:85:11)"}
2025-09-15T17:55:11.746Z [ERROR]: Uncaught Exception {"error":"automationService is not defined","stack":"ReferenceError: automationService is not defined\n    at Socket.<anonymous> (/app/src/app.js:213:18)\n    at Socket.emit (node:events:519:28)\n    at Socket.emitUntyped (/app/node_modules/socket.io/dist/typed-events.js:69:22)\n    at /app/node_modules/socket.io/dist/socket.js:697:39\n    at process.processTicksAndRejections (node:internal/process/task_queues:85:11)"}
2025-09-15T17:55:43.754Z [ERROR]: Uncaught Exception {"error":"automationService is not defined","stack":"ReferenceError: automationService is not defined\n    at Socket.<anonymous> (/app/src/app.js:213:18)\n    at Socket.emit (node:events:519:28)\n    at Socket.emitUntyped (/app/node_modules/socket.io/dist/typed-events.js:69:22)\n    at /app/node_modules/socket.io/dist/socket.js:697:39\n    at process.processTicksAndRejections (node:internal/process/task_queues:85:11)"}
2025-09-15T17:56:16.762Z [ERROR]: Uncaught Exception {"error":"automationService is not defined","stack":"ReferenceError: automationService is not defined\n    at Socket.<anonymous> (/app/src/app.js:213:18)\n    at Socket.emit (node:events:519:28)\n    at Socket.emitUntyped (/app/node_modules/socket.io/dist/typed-events.js:69:22)\n    at /app/node_modules/socket.io/dist/socket.js:697:39\n    at process.processTicksAndRejections (node:internal/process/task_queues:85:11)"}
2025-09-15T17:56:52.782Z [ERROR]: Uncaught Exception {"error":"automationService is not defined","stack":"ReferenceError: automationService is not defined\n    at Socket.<anonymous> (/app/src/app.js:213:18)\n    at Socket.emit (node:events:519:28)\n    at Socket.emitUntyped (/app/node_modules/socket.io/dist/typed-events.js:69:22)\n    at /app/node_modules/socket.io/dist/socket.js:697:39\n    at process.processTicksAndRejections (node:internal/process/task_queues:85:11)"}
2025-09-15T17:57:26.801Z [ERROR]: Uncaught Exception {"error":"automationService is not defined","stack":"ReferenceError: automationService is not defined\n    at Socket.<anonymous> (/app/src/app.js:213:18)\n    at Socket.emit (node:events:519:28)\n    at Socket.emitUntyped (/app/node_modules/socket.io/dist/typed-events.js:69:22)\n    at /app/node_modules/socket.io/dist/socket.js:697:39\n    at process.processTicksAndRejections (node:internal/process/task_queues:85:11)"}
2025-09-15T17:57:59.763Z [ERROR]: Uncaught Exception {"error":"automationService is not defined","stack":"ReferenceError: automationService is not defined\n    at Socket.<anonymous> (/app/src/app.js:213:18)\n    at Socket.emit (node:events:519:28)\n    at Socket.emitUntyped (/app/node_modules/socket.io/dist/typed-events.js:69:22)\n    at /app/node_modules/socket.io/dist/socket.js:697:39\n    at process.processTicksAndRejections (node:internal/process/task_queues:85:11)"}
2025-09-15T17:58:36.779Z [ERROR]: Uncaught Exception {"error":"automationService is not defined","stack":"ReferenceError: automationService is not defined\n    at Socket.<anonymous> (/app/src/app.js:213:18)\n    at Socket.emit (node:events:519:28)\n    at Socket.emitUntyped (/app/node_modules/socket.io/dist/typed-events.js:69:22)\n    at /app/node_modules/socket.io/dist/socket.js:697:39\n    at process.processTicksAndRejections (node:internal/process/task_queues:85:11)"}
2025-09-15T17:59:10.789Z [ERROR]: Uncaught Exception {"error":"automationService is not defined","stack":"ReferenceError: automationService is not defined\n    at Socket.<anonymous> (/app/src/app.js:213:18)\n    at Socket.emit (node:events:519:28)\n    at Socket.emitUntyped (/app/node_modules/socket.io/dist/typed-events.js:69:22)\n    at /app/node_modules/socket.io/dist/socket.js:697:39\n    at process.processTicksAndRejections (node:internal/process/task_queues:85:11)"}
2025-09-15T17:59:44.720Z [ERROR]: Uncaught Exception {"error":"automationService is not defined","stack":"ReferenceError: automationService is not defined\n    at Socket.<anonymous> (/app/src/app.js:213:18)\n    at Socket.emit (node:events:519:28)\n    at Socket.emitUntyped (/app/node_modules/socket.io/dist/typed-events.js:69:22)\n    at /app/node_modules/socket.io/dist/socket.js:697:39\n    at process.processTicksAndRejections (node:internal/process/task_queues:85:11)"}
2025-09-15T18:00:17.790Z [ERROR]: Uncaught Exception {"error":"automationService is not defined","stack":"ReferenceError: automationService is not defined\n    at Socket.<anonymous> (/app/src/app.js:213:18)\n    at Socket.emit (node:events:519:28)\n    at Socket.emitUntyped (/app/node_modules/socket.io/dist/typed-events.js:69:22)\n    at /app/node_modules/socket.io/dist/socket.js:697:39\n    at process.processTicksAndRejections (node:internal/process/task_queues:85:11)"}
2025-09-15T18:00:51.704Z [ERROR]: Uncaught Exception {"error":"automationService is not defined","stack":"ReferenceError: automationService is not defined\n    at Socket.<anonymous> (/app/src/app.js:213:18)\n    at Socket.emit (node:events:519:28)\n    at Socket.emitUntyped (/app/node_modules/socket.io/dist/typed-events.js:69:22)\n    at /app/node_modules/socket.io/dist/socket.js:697:39\n    at process.processTicksAndRejections (node:internal/process/task_queues:85:11)"}
2025-09-15T18:01:24.020Z [ERROR]: Uncaught Exception {"error":"automationService is not defined","stack":"ReferenceError: automationService is not defined\n    at Socket.<anonymous> (/app/src/app.js:213:18)\n    at Socket.emit (node:events:519:28)\n    at Socket.emitUntyped (/app/node_modules/socket.io/dist/typed-events.js:69:22)\n    at /app/node_modules/socket.io/dist/socket.js:697:39\n    at process.processTicksAndRejections (node:internal/process/task_queues:85:11)"}
2025-09-15T18:06:23.027Z [ERROR]: Uncaught Exception {"error":"automationService is not defined","stack":"ReferenceError: automationService is not defined\n    at Socket.<anonymous> (/app/src/app.js:213:18)\n    at Socket.emit (node:events:519:28)\n    at Socket.emitUntyped (/app/node_modules/socket.io/dist/typed-events.js:69:22)\n    at /app/node_modules/socket.io/dist/socket.js:697:39\n    at process.processTicksAndRejections (node:internal/process/task_queues:85:11)"}
2025-09-15T18:13:50.658Z [ERROR]: Uncaught Exception {"error":"automationService is not defined","stack":"ReferenceError: automationService is not defined\n    at Socket.<anonymous> (/app/src/app.js:213:18)\n    at Socket.emit (node:events:519:28)\n    at Socket.emitUntyped (/app/node_modules/socket.io/dist/typed-events.js:69:22)\n    at /app/node_modules/socket.io/dist/socket.js:697:39\n    at process.processTicksAndRejections (node:internal/process/task_queues:85:11)"}
2025-09-15T18:13:56.576Z [ERROR]: Free Fire automation failed {"error":"Transaction failed: Invalid Serial or PIN","requestId":"queue_4","playerId":"3974978674"}
2025-09-15T18:14:09.234Z [ERROR]: Uncaught Exception {"error":"automationService is not defined","stack":"ReferenceError: automationService is not defined\n    at Socket.<anonymous> (/app/src/app.js:213:18)\n    at Socket.emit (node:events:519:28)\n    at Socket.emitUntyped (/app/node_modules/socket.io/dist/typed-events.js:69:22)\n    at /app/node_modules/socket.io/dist/socket.js:697:39\n    at process.processTicksAndRejections (node:internal/process/task_queues:85:11)"}
2025-09-15T18:14:29.083Z [ERROR]: Free Fire automation failed {"error":"Transaction failed: Invalid Serial or PIN","requestId":"queue_5","playerId":"3974978674"}
2025-09-15T18:14:32.438Z [ERROR]: Uncaught Exception {"error":"automationService is not defined","stack":"ReferenceError: automationService is not defined\n    at Socket.<anonymous> (/app/src/app.js:213:18)\n    at Socket.emit (node:events:519:28)\n    at Socket.emitUntyped (/app/node_modules/socket.io/dist/typed-events.js:69:22)\n    at /app/node_modules/socket.io/dist/socket.js:697:39\n    at process.processTicksAndRejections (node:internal/process/task_queues:85:11)"}
2025-09-15T18:14:55.325Z [ERROR]: Free Fire automation failed {"error":"Transaction failed: Invalid Serial or PIN","requestId":"queue_6","playerId":"3974978674"}
2025-09-15T18:15:06.758Z [ERROR]: Uncaught Exception {"error":"automationService is not defined","stack":"ReferenceError: automationService is not defined\n    at Socket.<anonymous> (/app/src/app.js:213:18)\n    at Socket.emit (node:events:519:28)\n    at Socket.emitUntyped (/app/node_modules/socket.io/dist/typed-events.js:69:22)\n    at /app/node_modules/socket.io/dist/socket.js:697:39\n    at process.processTicksAndRejections (node:internal/process/task_queues:85:11)"}
2025-09-15T18:15:40.756Z [ERROR]: Uncaught Exception {"error":"automationService is not defined","stack":"ReferenceError: automationService is not defined\n    at Socket.<anonymous> (/app/src/app.js:213:18)\n    at Socket.emit (node:events:519:28)\n    at Socket.emitUntyped (/app/node_modules/socket.io/dist/typed-events.js:69:22)\n    at /app/node_modules/socket.io/dist/socket.js:697:39\n    at process.processTicksAndRejections (node:internal/process/task_queues:85:11)"}
2025-09-15T18:16:14.765Z [ERROR]: Uncaught Exception {"error":"automationService is not defined","stack":"ReferenceError: automationService is not defined\n    at Socket.<anonymous> (/app/src/app.js:213:18)\n    at Socket.emit (node:events:519:28)\n    at Socket.emitUntyped (/app/node_modules/socket.io/dist/typed-events.js:69:22)\n    at /app/node_modules/socket.io/dist/socket.js:697:39\n    at process.processTicksAndRejections (node:internal/process/task_queues:85:11)"}
2025-09-15T18:16:48.719Z [ERROR]: Uncaught Exception {"error":"automationService is not defined","stack":"ReferenceError: automationService is not defined\n    at Socket.<anonymous> (/app/src/app.js:213:18)\n    at Socket.emit (node:events:519:28)\n    at Socket.emitUntyped (/app/node_modules/socket.io/dist/typed-events.js:69:22)\n    at /app/node_modules/socket.io/dist/socket.js:697:39\n    at process.processTicksAndRejections (node:internal/process/task_queues:85:11)"}
2025-09-15T18:17:30.799Z [ERROR]: Uncaught Exception {"error":"automationService is not defined","stack":"ReferenceError: automationService is not defined\n    at Socket.<anonymous> (/app/src/app.js:213:18)\n    at Socket.emit (node:events:519:28)\n    at Socket.emitUntyped (/app/node_modules/socket.io/dist/typed-events.js:69:22)\n    at /app/node_modules/socket.io/dist/socket.js:697:39\n    at process.processTicksAndRejections (node:internal/process/task_queues:85:11)"}
2025-09-15T18:17:35.809Z [ERROR]: Free Fire automation failed {"error":"Transaction failed: Invalid Serial or PIN","requestId":"queue_7","playerId":"3974978674"}
2025-09-15T18:18:03.763Z [ERROR]: Uncaught Exception {"error":"automationService is not defined","stack":"ReferenceError: automationService is not defined\n    at Socket.<anonymous> (/app/src/app.js:213:18)\n    at Socket.emit (node:events:519:28)\n    at Socket.emitUntyped (/app/node_modules/socket.io/dist/typed-events.js:69:22)\n    at /app/node_modules/socket.io/dist/socket.js:697:39\n    at process.processTicksAndRejections (node:internal/process/task_queues:85:11)"}
2025-09-15T18:18:36.708Z [ERROR]: Uncaught Exception {"error":"automationService is not defined","stack":"ReferenceError: automationService is not defined\n    at Socket.<anonymous> (/app/src/app.js:213:18)\n    at Socket.emit (node:events:519:28)\n    at Socket.emitUntyped (/app/node_modules/socket.io/dist/typed-events.js:69:22)\n    at /app/node_modules/socket.io/dist/socket.js:697:39\n    at process.processTicksAndRejections (node:internal/process/task_queues:85:11)"}
2025-09-15T18:19:06.847Z [ERROR]: Uncaught Exception {"error":"automationService is not defined","stack":"ReferenceError: automationService is not defined\n    at Socket.<anonymous> (/app/src/app.js:213:18)\n    at Socket.emit (node:events:519:28)\n    at Socket.emitUntyped (/app/node_modules/socket.io/dist/typed-events.js:69:22)\n    at /app/node_modules/socket.io/dist/socket.js:697:39\n    at process.processTicksAndRejections (node:internal/process/task_queues:85:11)"}
2025-09-15T18:19:17.744Z [ERROR]: Uncaught Exception {"error":"automationService is not defined","stack":"ReferenceError: automationService is not defined\n    at Socket.<anonymous> (/app/src/app.js:213:18)\n    at Socket.emit (node:events:519:28)\n    at Socket.emitUntyped (/app/node_modules/socket.io/dist/typed-events.js:69:22)\n    at /app/node_modules/socket.io/dist/socket.js:697:39\n    at process.processTicksAndRejections (node:internal/process/task_queues:85:11)"}
2025-09-15T18:19:49.632Z [ERROR]: Free Fire automation failed {"error":"Transaction failed: Invalid Serial or PIN","requestId":"queue_8","playerId":"3974978674"}
2025-09-15T18:19:52.674Z [ERROR]: Uncaught Exception {"error":"automationService is not defined","stack":"ReferenceError: automationService is not defined\n    at Socket.<anonymous> (/app/src/app.js:213:18)\n    at Socket.emit (node:events:519:28)\n    at Socket.emitUntyped (/app/node_modules/socket.io/dist/typed-events.js:69:22)\n    at /app/node_modules/socket.io/dist/socket.js:697:39\n    at process.processTicksAndRejections (node:internal/process/task_queues:85:11)"}
2025-09-15T18:20:26.749Z [ERROR]: Uncaught Exception {"error":"automationService is not defined","stack":"ReferenceError: automationService is not defined\n    at Socket.<anonymous> (/app/src/app.js:213:18)\n    at Socket.emit (node:events:519:28)\n    at Socket.emitUntyped (/app/node_modules/socket.io/dist/typed-events.js:69:22)\n    at /app/node_modules/socket.io/dist/socket.js:697:39\n    at process.processTicksAndRejections (node:internal/process/task_queues:85:11)"}
2025-09-15T18:20:59.739Z [ERROR]: Uncaught Exception {"error":"automationService is not defined","stack":"ReferenceError: automationService is not defined\n    at Socket.<anonymous> (/app/src/app.js:213:18)\n    at Socket.emit (node:events:519:28)\n    at Socket.emitUntyped (/app/node_modules/socket.io/dist/typed-events.js:69:22)\n    at /app/node_modules/socket.io/dist/socket.js:697:39\n    at process.processTicksAndRejections (node:internal/process/task_queues:85:11)"}
2025-09-15T18:21:08.302Z [ERROR]: Uncaught Exception {"error":"automationService is not defined","stack":"ReferenceError: automationService is not defined\n    at Socket.<anonymous> (/app/src/app.js:213:18)\n    at Socket.emit (node:events:519:28)\n    at Socket.emitUntyped (/app/node_modules/socket.io/dist/typed-events.js:69:22)\n    at /app/node_modules/socket.io/dist/socket.js:697:39\n    at process.processTicksAndRejections (node:internal/process/task_queues:85:11)"}
2025-09-15T18:21:43.766Z [ERROR]: Uncaught Exception {"error":"automationService is not defined","stack":"ReferenceError: automationService is not defined\n    at Socket.<anonymous> (/app/src/app.js:213:18)\n    at Socket.emit (node:events:519:28)\n    at Socket.emitUntyped (/app/node_modules/socket.io/dist/typed-events.js:69:22)\n    at /app/node_modules/socket.io/dist/socket.js:697:39\n    at process.processTicksAndRejections (node:internal/process/task_queues:85:11)"}
2025-09-15T18:22:16.751Z [ERROR]: Uncaught Exception {"error":"automationService is not defined","stack":"ReferenceError: automationService is not defined\n    at Socket.<anonymous> (/app/src/app.js:213:18)\n    at Socket.emit (node:events:519:28)\n    at Socket.emitUntyped (/app/node_modules/socket.io/dist/typed-events.js:69:22)\n    at /app/node_modules/socket.io/dist/socket.js:697:39\n    at process.processTicksAndRejections (node:internal/process/task_queues:85:11)"}
2025-09-15T18:22:50.793Z [ERROR]: Uncaught Exception {"error":"automationService is not defined","stack":"ReferenceError: automationService is not defined\n    at Socket.<anonymous> (/app/src/app.js:213:18)\n    at Socket.emit (node:events:519:28)\n    at Socket.emitUntyped (/app/node_modules/socket.io/dist/typed-events.js:69:22)\n    at /app/node_modules/socket.io/dist/socket.js:697:39\n    at process.processTicksAndRejections (node:internal/process/task_queues:85:11)"}
2025-09-15T18:23:24.755Z [ERROR]: Uncaught Exception {"error":"automationService is not defined","stack":"ReferenceError: automationService is not defined\n    at Socket.<anonymous> (/app/src/app.js:213:18)\n    at Socket.emit (node:events:519:28)\n    at Socket.emitUntyped (/app/node_modules/socket.io/dist/typed-events.js:69:22)\n    at /app/node_modules/socket.io/dist/socket.js:697:39\n    at process.processTicksAndRejections (node:internal/process/task_queues:85:11)"}
2025-09-15T18:23:58.027Z [ERROR]: Uncaught Exception {"error":"automationService is not defined","stack":"ReferenceError: automationService is not defined\n    at Socket.<anonymous> (/app/src/app.js:213:18)\n    at Socket.emit (node:events:519:28)\n    at Socket.emitUntyped (/app/node_modules/socket.io/dist/typed-events.js:69:22)\n    at /app/node_modules/socket.io/dist/socket.js:697:39\n    at process.processTicksAndRejections (node:internal/process/task_queues:85:11)"}
2025-09-15T18:24:31.754Z [ERROR]: Uncaught Exception {"error":"automationService is not defined","stack":"ReferenceError: automationService is not defined\n    at Socket.<anonymous> (/app/src/app.js:213:18)\n    at Socket.emit (node:events:519:28)\n    at Socket.emitUntyped (/app/node_modules/socket.io/dist/typed-events.js:69:22)\n    at /app/node_modules/socket.io/dist/socket.js:697:39\n    at process.processTicksAndRejections (node:internal/process/task_queues:85:11)"}
2025-09-15T18:25:05.753Z [ERROR]: Uncaught Exception {"error":"automationService is not defined","stack":"ReferenceError: automationService is not defined\n    at Socket.<anonymous> (/app/src/app.js:213:18)\n    at Socket.emit (node:events:519:28)\n    at Socket.emitUntyped (/app/node_modules/socket.io/dist/typed-events.js:69:22)\n    at /app/node_modules/socket.io/dist/socket.js:697:39\n    at process.processTicksAndRejections (node:internal/process/task_queues:85:11)"}
2025-09-15T18:25:39.750Z [ERROR]: Uncaught Exception {"error":"automationService is not defined","stack":"ReferenceError: automationService is not defined\n    at Socket.<anonymous> (/app/src/app.js:213:18)\n    at Socket.emit (node:events:519:28)\n    at Socket.emitUntyped (/app/node_modules/socket.io/dist/typed-events.js:69:22)\n    at /app/node_modules/socket.io/dist/socket.js:697:39\n    at process.processTicksAndRejections (node:internal/process/task_queues:85:11)"}
2025-09-15T18:26:12.716Z [ERROR]: Uncaught Exception {"error":"automationService is not defined","stack":"ReferenceError: automationService is not defined\n    at Socket.<anonymous> (/app/src/app.js:213:18)\n    at Socket.emit (node:events:519:28)\n    at Socket.emitUntyped (/app/node_modules/socket.io/dist/typed-events.js:69:22)\n    at /app/node_modules/socket.io/dist/socket.js:697:39\n    at process.processTicksAndRejections (node:internal/process/task_queues:85:11)"}
2025-09-15T18:26:45.763Z [ERROR]: Uncaught Exception {"error":"automationService is not defined","stack":"ReferenceError: automationService is not defined\n    at Socket.<anonymous> (/app/src/app.js:213:18)\n    at Socket.emit (node:events:519:28)\n    at Socket.emitUntyped (/app/node_modules/socket.io/dist/typed-events.js:69:22)\n    at /app/node_modules/socket.io/dist/socket.js:697:39\n    at process.processTicksAndRejections (node:internal/process/task_queues:85:11)"}
2025-09-15T18:27:21.796Z [ERROR]: Uncaught Exception {"error":"automationService is not defined","stack":"ReferenceError: automationService is not defined\n    at Socket.<anonymous> (/app/src/app.js:213:18)\n    at Socket.emit (node:events:519:28)\n    at Socket.emitUntyped (/app/node_modules/socket.io/dist/typed-events.js:69:22)\n    at /app/node_modules/socket.io/dist/socket.js:697:39\n    at process.processTicksAndRejections (node:internal/process/task_queues:85:11)"}
2025-09-15T18:27:56.814Z [ERROR]: Uncaught Exception {"error":"automationService is not defined","stack":"ReferenceError: automationService is not defined\n    at Socket.<anonymous> (/app/src/app.js:213:18)\n    at Socket.emit (node:events:519:28)\n    at Socket.emitUntyped (/app/node_modules/socket.io/dist/typed-events.js:69:22)\n    at /app/node_modules/socket.io/dist/socket.js:697:39\n    at process.processTicksAndRejections (node:internal/process/task_queues:85:11)"}
2025-09-15T18:28:31.834Z [ERROR]: Uncaught Exception {"error":"automationService is not defined","stack":"ReferenceError: automationService is not defined\n    at Socket.<anonymous> (/app/src/app.js:213:18)\n    at Socket.emit (node:events:519:28)\n    at Socket.emitUntyped (/app/node_modules/socket.io/dist/typed-events.js:69:22)\n    at /app/node_modules/socket.io/dist/socket.js:697:39\n    at process.processTicksAndRejections (node:internal/process/task_queues:85:11)"}
2025-09-15T18:29:05.722Z [ERROR]: Uncaught Exception {"error":"automationService is not defined","stack":"ReferenceError: automationService is not defined\n    at Socket.<anonymous> (/app/src/app.js:213:18)\n    at Socket.emit (node:events:519:28)\n    at Socket.emitUntyped (/app/node_modules/socket.io/dist/typed-events.js:69:22)\n    at /app/node_modules/socket.io/dist/socket.js:697:39\n    at process.processTicksAndRejections (node:internal/process/task_queues:85:11)"}
2025-09-15T18:29:40.751Z [ERROR]: Uncaught Exception {"error":"automationService is not defined","stack":"ReferenceError: automationService is not defined\n    at Socket.<anonymous> (/app/src/app.js:213:18)\n    at Socket.emit (node:events:519:28)\n    at Socket.emitUntyped (/app/node_modules/socket.io/dist/typed-events.js:69:22)\n    at /app/node_modules/socket.io/dist/socket.js:697:39\n    at process.processTicksAndRejections (node:internal/process/task_queues:85:11)"}
2025-09-15T18:30:13.772Z [ERROR]: Uncaught Exception {"error":"automationService is not defined","stack":"ReferenceError: automationService is not defined\n    at Socket.<anonymous> (/app/src/app.js:213:18)\n    at Socket.emit (node:events:519:28)\n    at Socket.emitUntyped (/app/node_modules/socket.io/dist/typed-events.js:69:22)\n    at /app/node_modules/socket.io/dist/socket.js:697:39\n    at process.processTicksAndRejections (node:internal/process/task_queues:85:11)"}
2025-09-15T18:30:47.771Z [ERROR]: Uncaught Exception {"error":"automationService is not defined","stack":"ReferenceError: automationService is not defined\n    at Socket.<anonymous> (/app/src/app.js:213:18)\n    at Socket.emit (node:events:519:28)\n    at Socket.emitUntyped (/app/node_modules/socket.io/dist/typed-events.js:69:22)\n    at /app/node_modules/socket.io/dist/socket.js:697:39\n    at process.processTicksAndRejections (node:internal/process/task_queues:85:11)"}
2025-09-15T18:31:21.761Z [ERROR]: Uncaught Exception {"error":"automationService is not defined","stack":"ReferenceError: automationService is not defined\n    at Socket.<anonymous> (/app/src/app.js:213:18)\n    at Socket.emit (node:events:519:28)\n    at Socket.emitUntyped (/app/node_modules/socket.io/dist/typed-events.js:69:22)\n    at /app/node_modules/socket.io/dist/socket.js:697:39\n    at process.processTicksAndRejections (node:internal/process/task_queues:85:11)"}
2025-09-15T18:31:55.771Z [ERROR]: Uncaught Exception {"error":"automationService is not defined","stack":"ReferenceError: automationService is not defined\n    at Socket.<anonymous> (/app/src/app.js:213:18)\n    at Socket.emit (node:events:519:28)\n    at Socket.emitUntyped (/app/node_modules/socket.io/dist/typed-events.js:69:22)\n    at /app/node_modules/socket.io/dist/socket.js:697:39\n    at process.processTicksAndRejections (node:internal/process/task_queues:85:11)"}
2025-09-15T18:32:28.769Z [ERROR]: Uncaught Exception {"error":"automationService is not defined","stack":"ReferenceError: automationService is not defined\n    at Socket.<anonymous> (/app/src/app.js:213:18)\n    at Socket.emit (node:events:519:28)\n    at Socket.emitUntyped (/app/node_modules/socket.io/dist/typed-events.js:69:22)\n    at /app/node_modules/socket.io/dist/socket.js:697:39\n    at process.processTicksAndRejections (node:internal/process/task_queues:85:11)"}
2025-09-15T18:33:02.771Z [ERROR]: Uncaught Exception {"error":"automationService is not defined","stack":"ReferenceError: automationService is not defined\n    at Socket.<anonymous> (/app/src/app.js:213:18)\n    at Socket.emit (node:events:519:28)\n    at Socket.emitUntyped (/app/node_modules/socket.io/dist/typed-events.js:69:22)\n    at /app/node_modules/socket.io/dist/socket.js:697:39\n    at process.processTicksAndRejections (node:internal/process/task_queues:85:11)"}
2025-09-15T18:33:36.787Z [ERROR]: Uncaught Exception {"error":"automationService is not defined","stack":"ReferenceError: automationService is not defined\n    at Socket.<anonymous> (/app/src/app.js:213:18)\n    at Socket.emit (node:events:519:28)\n    at Socket.emitUntyped (/app/node_modules/socket.io/dist/typed-events.js:69:22)\n    at /app/node_modules/socket.io/dist/socket.js:697:39\n    at process.processTicksAndRejections (node:internal/process/task_queues:85:11)"}
2025-09-15T18:34:11.761Z [ERROR]: Uncaught Exception {"error":"automationService is not defined","stack":"ReferenceError: automationService is not defined\n    at Socket.<anonymous> (/app/src/app.js:213:18)\n    at Socket.emit (node:events:519:28)\n    at Socket.emitUntyped (/app/node_modules/socket.io/dist/typed-events.js:69:22)\n    at /app/node_modules/socket.io/dist/socket.js:697:39\n    at process.processTicksAndRejections (node:internal/process/task_queues:85:11)"}
2025-09-15T18:34:45.756Z [ERROR]: Uncaught Exception {"error":"automationService is not defined","stack":"ReferenceError: automationService is not defined\n    at Socket.<anonymous> (/app/src/app.js:213:18)\n    at Socket.emit (node:events:519:28)\n    at Socket.emitUntyped (/app/node_modules/socket.io/dist/typed-events.js:69:22)\n    at /app/node_modules/socket.io/dist/socket.js:697:39\n    at process.processTicksAndRejections (node:internal/process/task_queues:85:11)"}
2025-09-15T18:35:19.757Z [ERROR]: Uncaught Exception {"error":"automationService is not defined","stack":"ReferenceError: automationService is not defined\n    at Socket.<anonymous> (/app/src/app.js:213:18)\n    at Socket.emit (node:events:519:28)\n    at Socket.emitUntyped (/app/node_modules/socket.io/dist/typed-events.js:69:22)\n    at /app/node_modules/socket.io/dist/socket.js:697:39\n    at process.processTicksAndRejections (node:internal/process/task_queues:85:11)"}
2025-09-15T18:35:53.742Z [ERROR]: Uncaught Exception {"error":"automationService is not defined","stack":"ReferenceError: automationService is not defined\n    at Socket.<anonymous> (/app/src/app.js:213:18)\n    at Socket.emit (node:events:519:28)\n    at Socket.emitUntyped (/app/node_modules/socket.io/dist/typed-events.js:69:22)\n    at /app/node_modules/socket.io/dist/socket.js:697:39\n    at process.processTicksAndRejections (node:internal/process/task_queues:85:11)"}
2025-09-15T18:36:28.503Z [ERROR]: Uncaught Exception {"error":"automationService is not defined","stack":"ReferenceError: automationService is not defined\n    at Socket.<anonymous> (/app/src/app.js:213:18)\n    at Socket.emit (node:events:519:28)\n    at Socket.emitUntyped (/app/node_modules/socket.io/dist/typed-events.js:69:22)\n    at /app/node_modules/socket.io/dist/socket.js:697:39\n    at process.processTicksAndRejections (node:internal/process/task_queues:85:11)"}
2025-09-15T18:37:01.763Z [ERROR]: Uncaught Exception {"error":"automationService is not defined","stack":"ReferenceError: automationService is not defined\n    at Socket.<anonymous> (/app/src/app.js:213:18)\n    at Socket.emit (node:events:519:28)\n    at Socket.emitUntyped (/app/node_modules/socket.io/dist/typed-events.js:69:22)\n    at /app/node_modules/socket.io/dist/socket.js:697:39\n    at process.processTicksAndRejections (node:internal/process/task_queues:85:11)"}
2025-09-15T18:37:35.753Z [ERROR]: Uncaught Exception {"error":"automationService is not defined","stack":"ReferenceError: automationService is not defined\n    at Socket.<anonymous> (/app/src/app.js:213:18)\n    at Socket.emit (node:events:519:28)\n    at Socket.emitUntyped (/app/node_modules/socket.io/dist/typed-events.js:69:22)\n    at /app/node_modules/socket.io/dist/socket.js:697:39\n    at process.processTicksAndRejections (node:internal/process/task_queues:85:11)"}
